{"C:\\Users\\heidi\\OhjelmistoProjekti2\\FrontEnd\\WeatherApp\\.eslintrc.js": {"path":"C:\\Users\\heidi\\OhjelmistoProjekti2\\FrontEnd\\WeatherApp\\.eslintrc.js","statementMap":{"0":{"start":{"line":1,"column":0},"end":{"line":9,"column":4}}},"fnMap":{},"branchMap":{},"s":{"0":0},"f":{},"b":{}}
,"C:\\Users\\heidi\\OhjelmistoProjekti2\\FrontEnd\\WeatherApp\\App.js": {"path":"C:\\Users\\heidi\\OhjelmistoProjekti2\\FrontEnd\\WeatherApp\\App.js","statementMap":{"0":{"start":{"line":10,"column":2},"end":{"line":18,"column":4}},"1":{"start":{"line":21,"column":14},"end":{"line":67,"column":1}}},"fnMap":{"0":{"name":"App","decl":{"start":{"line":9,"column":24},"end":{"line":9,"column":27}},"loc":{"start":{"line":9,"column":30},"end":{"line":19,"column":1}},"line":9}},"branchMap":{},"s":{"0":0,"1":0},"f":{"0":0},"b":{}}
,"C:\\Users\\heidi\\OhjelmistoProjekti2\\FrontEnd\\WeatherApp\\api.js": {"path":"C:\\Users\\heidi\\OhjelmistoProjekti2\\FrontEnd\\WeatherApp\\api.js","statementMap":{"0":{"start":{"line":5,"column":2},"end":{"line":12,"column":5}},"1":{"start":{"line":8,"column":4},"end":{"line":9,"column":77}},"2":{"start":{"line":9,"column":6},"end":{"line":9,"column":77}},"3":{"start":{"line":11,"column":4},"end":{"line":11,"column":27}},"4":{"start":{"line":16,"column":2},"end":{"line":27,"column":4}},"5":{"start":{"line":18,"column":6},"end":{"line":24,"column":7}},"6":{"start":{"line":19,"column":8},"end":{"line":19,"column":38}},"7":{"start":{"line":20,"column":8},"end":{"line":23,"column":10}},"8":{"start":{"line":25,"column":6},"end":{"line":25,"column":29}},"9":{"start":{"line":33,"column":2},"end":{"line":43,"column":5}},"10":{"start":{"line":36,"column":4},"end":{"line":40,"column":8}},"11":{"start":{"line":37,"column":6},"end":{"line":40,"column":8}},"12":{"start":{"line":42,"column":4},"end":{"line":42,"column":27}},"13":{"start":{"line":48,"column":2},"end":{"line":55,"column":5}},"14":{"start":{"line":51,"column":4},"end":{"line":52,"column":76}},"15":{"start":{"line":52,"column":6},"end":{"line":52,"column":76}},"16":{"start":{"line":54,"column":4},"end":{"line":54,"column":27}},"17":{"start":{"line":59,"column":2},"end":{"line":59,"column":71}}},"fnMap":{"0":{"name":"getCurrentWeatherInLocation","decl":{"start":{"line":4,"column":16},"end":{"line":4,"column":43}},"loc":{"start":{"line":4,"column":54},"end":{"line":13,"column":1}},"line":4},"1":{"name":"(anonymous_1)","decl":{"start":{"line":7,"column":9},"end":{"line":7,"column":10}},"loc":{"start":{"line":7,"column":23},"end":{"line":12,"column":3}},"line":7},"2":{"name":"getCityCoords","decl":{"start":{"line":15,"column":16},"end":{"line":15,"column":29}},"loc":{"start":{"line":15,"column":36},"end":{"line":28,"column":1}},"line":15},"3":{"name":"(anonymous_3)","decl":{"start":{"line":17,"column":4},"end":{"line":17,"column":5}},"loc":{"start":{"line":17,"column":18},"end":{"line":26,"column":5}},"line":17},"4":{"name":"getForecastForFiveDays","decl":{"start":{"line":32,"column":16},"end":{"line":32,"column":38}},"loc":{"start":{"line":32,"column":49},"end":{"line":44,"column":1}},"line":32},"5":{"name":"(anonymous_5)","decl":{"start":{"line":35,"column":9},"end":{"line":35,"column":10}},"loc":{"start":{"line":35,"column":23},"end":{"line":43,"column":3}},"line":35},"6":{"name":"getLongTermForecast","decl":{"start":{"line":47,"column":16},"end":{"line":47,"column":35}},"loc":{"start":{"line":47,"column":46},"end":{"line":56,"column":1}},"line":47},"7":{"name":"(anonymous_7)","decl":{"start":{"line":50,"column":9},"end":{"line":50,"column":10}},"loc":{"start":{"line":50,"column":23},"end":{"line":55,"column":3}},"line":50},"8":{"name":"getLayerTiles","decl":{"start":{"line":58,"column":16},"end":{"line":58,"column":29}},"loc":{"start":{"line":58,"column":37},"end":{"line":60,"column":1}},"line":58}},"branchMap":{"0":{"loc":{"start":{"line":8,"column":4},"end":{"line":9,"column":77}},"type":"if","locations":[{"start":{"line":8,"column":4},"end":{"line":9,"column":77}},{"start":{},"end":{}}],"line":8},"1":{"loc":{"start":{"line":18,"column":6},"end":{"line":24,"column":7}},"type":"if","locations":[{"start":{"line":18,"column":6},"end":{"line":24,"column":7}},{"start":{},"end":{}}],"line":18},"2":{"loc":{"start":{"line":36,"column":4},"end":{"line":40,"column":8}},"type":"if","locations":[{"start":{"line":36,"column":4},"end":{"line":40,"column":8}},{"start":{},"end":{}}],"line":36},"3":{"loc":{"start":{"line":51,"column":4},"end":{"line":52,"column":76}},"type":"if","locations":[{"start":{"line":51,"column":4},"end":{"line":52,"column":76}},{"start":{},"end":{}}],"line":51}},"s":{"0":2,"1":2,"2":1,"3":1,"4":2,"5":2,"6":1,"7":1,"8":1,"9":2,"10":2,"11":1,"12":1,"13":2,"14":2,"15":1,"16":1,"17":1},"f":{"0":2,"1":2,"2":2,"3":2,"4":2,"5":2,"6":2,"7":2,"8":1},"b":{"0":[1,1],"1":[1,1],"2":[1,1],"3":[1,1]},"_coverageSchema":"1a1c01bbd47fc00a2c39e90264f33305004495a9","hash":"ea64efd8eb78e0517aa10bdd06249f71801af762"}
,"C:\\Users\\heidi\\OhjelmistoProjekti2\\FrontEnd\\WeatherApp\\index.js": {"path":"C:\\Users\\heidi\\OhjelmistoProjekti2\\FrontEnd\\WeatherApp\\index.js","statementMap":{"0":{"start":{"line":8,"column":0},"end":{"line":8,"column":27}}},"fnMap":{},"branchMap":{},"s":{"0":0},"f":{},"b":{}}
,"C:\\Users\\heidi\\OhjelmistoProjekti2\\FrontEnd\\WeatherApp\\components\\date\\DateService.js": {"path":"C:\\Users\\heidi\\OhjelmistoProjekti2\\FrontEnd\\WeatherApp\\components\\date\\DateService.js","statementMap":{"0":{"start":{"line":3,"column":22},"end":{"line":3,"column":32}},"1":{"start":{"line":5,"column":2},"end":{"line":11,"column":3}},"2":{"start":{"line":6,"column":4},"end":{"line":8,"column":36}},"3":{"start":{"line":10,"column":4},"end":{"line":10,"column":48}},"4":{"start":{"line":16,"column":22},"end":{"line":16,"column":32}},"5":{"start":{"line":17,"column":16},"end":{"line":17,"column":38}},"6":{"start":{"line":19,"column":2},"end":{"line":29,"column":3}},"7":{"start":{"line":20,"column":4},"end":{"line":26,"column":5}},"8":{"start":{"line":21,"column":6},"end":{"line":21,"column":48}},"9":{"start":{"line":22,"column":11},"end":{"line":26,"column":5}},"10":{"start":{"line":23,"column":6},"end":{"line":23,"column":49}},"11":{"start":{"line":25,"column":6},"end":{"line":25,"column":48}},"12":{"start":{"line":28,"column":4},"end":{"line":28,"column":49}},"13":{"start":{"line":34,"column":22},"end":{"line":34,"column":32}},"14":{"start":{"line":35,"column":16},"end":{"line":35,"column":38}},"15":{"start":{"line":37,"column":2},"end":{"line":47,"column":3}},"16":{"start":{"line":38,"column":4},"end":{"line":44,"column":5}},"17":{"start":{"line":39,"column":6},"end":{"line":39,"column":47}},"18":{"start":{"line":40,"column":11},"end":{"line":44,"column":5}},"19":{"start":{"line":41,"column":6},"end":{"line":41,"column":36}},"20":{"start":{"line":43,"column":6},"end":{"line":43,"column":58}},"21":{"start":{"line":46,"column":4},"end":{"line":46,"column":49}}},"fnMap":{"0":{"name":"getCurrentDate","decl":{"start":{"line":2,"column":16},"end":{"line":2,"column":30}},"loc":{"start":{"line":2,"column":33},"end":{"line":12,"column":1}},"line":2},"1":{"name":"setImageByTime","decl":{"start":{"line":15,"column":16},"end":{"line":15,"column":30}},"loc":{"start":{"line":15,"column":33},"end":{"line":30,"column":1}},"line":15},"2":{"name":"setThemeByTime","decl":{"start":{"line":33,"column":16},"end":{"line":33,"column":30}},"loc":{"start":{"line":33,"column":33},"end":{"line":48,"column":1}},"line":33}},"branchMap":{"0":{"loc":{"start":{"line":20,"column":4},"end":{"line":26,"column":5}},"type":"if","locations":[{"start":{"line":20,"column":4},"end":{"line":26,"column":5}},{"start":{"line":22,"column":11},"end":{"line":26,"column":5}}],"line":20},"1":{"loc":{"start":{"line":20,"column":8},"end":{"line":20,"column":33}},"type":"binary-expr","locations":[{"start":{"line":20,"column":8},"end":{"line":20,"column":19}},{"start":{"line":20,"column":23},"end":{"line":20,"column":33}}],"line":20},"2":{"loc":{"start":{"line":22,"column":11},"end":{"line":26,"column":5}},"type":"if","locations":[{"start":{"line":22,"column":11},"end":{"line":26,"column":5}},{"start":{"line":24,"column":11},"end":{"line":26,"column":5}}],"line":22},"3":{"loc":{"start":{"line":22,"column":15},"end":{"line":22,"column":39}},"type":"binary-expr","locations":[{"start":{"line":22,"column":15},"end":{"line":22,"column":25}},{"start":{"line":22,"column":29},"end":{"line":22,"column":39}}],"line":22},"4":{"loc":{"start":{"line":38,"column":4},"end":{"line":44,"column":5}},"type":"if","locations":[{"start":{"line":38,"column":4},"end":{"line":44,"column":5}},{"start":{"line":40,"column":11},"end":{"line":44,"column":5}}],"line":38},"5":{"loc":{"start":{"line":38,"column":8},"end":{"line":38,"column":33}},"type":"binary-expr","locations":[{"start":{"line":38,"column":8},"end":{"line":38,"column":19}},{"start":{"line":38,"column":23},"end":{"line":38,"column":33}}],"line":38},"6":{"loc":{"start":{"line":40,"column":11},"end":{"line":44,"column":5}},"type":"if","locations":[{"start":{"line":40,"column":11},"end":{"line":44,"column":5}},{"start":{"line":42,"column":11},"end":{"line":44,"column":5}}],"line":40},"7":{"loc":{"start":{"line":40,"column":15},"end":{"line":40,"column":39}},"type":"binary-expr","locations":[{"start":{"line":40,"column":15},"end":{"line":40,"column":25}},{"start":{"line":40,"column":29},"end":{"line":40,"column":39}}],"line":40}},"s":{"0":13,"1":13,"2":13,"3":0,"4":15,"5":15,"6":15,"7":15,"8":1,"9":14,"10":1,"11":13,"12":0,"13":19,"14":19,"15":19,"16":19,"17":3,"18":16,"19":0,"20":16,"21":0},"f":{"0":13,"1":15,"2":19},"b":{"0":[1,14],"1":[15,14],"2":[1,13],"3":[14,14],"4":[3,16],"5":[19,16],"6":[0,16],"7":[16,16]},"_coverageSchema":"1a1c01bbd47fc00a2c39e90264f33305004495a9","hash":"37db7e15c0be5d92918037858908b5d1ad82c9d3"}
,"C:\\Users\\heidi\\OhjelmistoProjekti2\\FrontEnd\\WeatherApp\\components\\favorites\\FavoriteDialog.js": {"path":"C:\\Users\\heidi\\OhjelmistoProjekti2\\FrontEnd\\WeatherApp\\components\\favorites\\FavoriteDialog.js","statementMap":{"0":{"start":{"line":7,"column":2},"end":{"line":27,"column":3}}},"fnMap":{"0":{"name":"FavoriteDialog","decl":{"start":{"line":5,"column":24},"end":{"line":5,"column":38}},"loc":{"start":{"line":5,"column":73},"end":{"line":28,"column":1}},"line":5}},"branchMap":{},"s":{"0":28},"f":{"0":28},"b":{},"_coverageSchema":"1a1c01bbd47fc00a2c39e90264f33305004495a9","hash":"7070e27d35e8cfb5902791b64b17b3406d57e3db"}
,"C:\\Users\\heidi\\OhjelmistoProjekti2\\FrontEnd\\WeatherApp\\components\\favorites\\FavoriteIconButton.js": {"path":"C:\\Users\\heidi\\OhjelmistoProjekti2\\FrontEnd\\WeatherApp\\components\\favorites\\FavoriteIconButton.js","statementMap":{"0":{"start":{"line":9,"column":55},"end":{"line":9,"column":69}},"1":{"start":{"line":11,"column":38},"end":{"line":11,"column":53}},"2":{"start":{"line":13,"column":30},"end":{"line":19,"column":3}},"3":{"start":{"line":14,"column":4},"end":{"line":18,"column":5}},"4":{"start":{"line":15,"column":6},"end":{"line":15,"column":26}},"5":{"start":{"line":17,"column":6},"end":{"line":17,"column":25}},"6":{"start":{"line":21,"column":30},"end":{"line":24,"column":3}},"7":{"start":{"line":22,"column":4},"end":{"line":22,"column":25}},"8":{"start":{"line":23,"column":4},"end":{"line":23,"column":25}},"9":{"start":{"line":26,"column":29},"end":{"line":28,"column":3}},"10":{"start":{"line":27,"column":4},"end":{"line":27,"column":25}},"11":{"start":{"line":30,"column":2},"end":{"line":44,"column":4}}},"fnMap":{"0":{"name":"FavoriteIconButton","decl":{"start":{"line":8,"column":24},"end":{"line":8,"column":42}},"loc":{"start":{"line":8,"column":53},"end":{"line":45,"column":1}},"line":8},"1":{"name":"(anonymous_1)","decl":{"start":{"line":13,"column":30},"end":{"line":13,"column":31}},"loc":{"start":{"line":13,"column":36},"end":{"line":19,"column":3}},"line":13},"2":{"name":"(anonymous_2)","decl":{"start":{"line":21,"column":30},"end":{"line":21,"column":31}},"loc":{"start":{"line":21,"column":36},"end":{"line":24,"column":3}},"line":21},"3":{"name":"(anonymous_3)","decl":{"start":{"line":26,"column":29},"end":{"line":26,"column":30}},"loc":{"start":{"line":26,"column":35},"end":{"line":28,"column":3}},"line":26}},"branchMap":{"0":{"loc":{"start":{"line":14,"column":4},"end":{"line":18,"column":5}},"type":"if","locations":[{"start":{"line":14,"column":4},"end":{"line":18,"column":5}},{"start":{"line":16,"column":11},"end":{"line":18,"column":5}}],"line":14},"1":{"loc":{"start":{"line":33,"column":14},"end":{"line":33,"column":70}},"type":"cond-expr","locations":[{"start":{"line":33,"column":33},"end":{"line":33,"column":46}},{"start":{"line":33,"column":49},"end":{"line":33,"column":70}}],"line":33}},"s":{"0":25,"1":25,"2":25,"3":4,"4":3,"5":1,"6":25,"7":1,"8":1,"9":25,"10":1,"11":25},"f":{"0":25,"1":4,"2":1,"3":1},"b":{"0":[3,1],"1":[8,17]},"_coverageSchema":"1a1c01bbd47fc00a2c39e90264f33305004495a9","hash":"bbb5ea02cffdfca43278513dcd48ef54cc42aaf0"}
,"C:\\Users\\heidi\\OhjelmistoProjekti2\\FrontEnd\\WeatherApp\\components\\favorites\\FavoritesContext.js": {"path":"C:\\Users\\heidi\\OhjelmistoProjekti2\\FrontEnd\\WeatherApp\\components\\favorites\\FavoritesContext.js","statementMap":{"0":{"start":{"line":4,"column":25},"end":{"line":4,"column":40}},"1":{"start":{"line":6,"column":33},"end":{"line":48,"column":1}},"2":{"start":{"line":7,"column":36},"end":{"line":7,"column":48}},"3":{"start":{"line":9,"column":2},"end":{"line":20,"column":9}},"4":{"start":{"line":10,"column":26},"end":{"line":18,"column":5}},"5":{"start":{"line":11,"column":6},"end":{"line":17,"column":7}},"6":{"start":{"line":12,"column":31},"end":{"line":12,"column":70}},"7":{"start":{"line":13,"column":23},"end":{"line":13,"column":71}},"8":{"start":{"line":14,"column":8},"end":{"line":14,"column":29}},"9":{"start":{"line":16,"column":8},"end":{"line":16,"column":53}},"10":{"start":{"line":19,"column":4},"end":{"line":19,"column":20}},"11":{"start":{"line":22,"column":23},"end":{"line":29,"column":3}},"12":{"start":{"line":23,"column":19},"end":{"line":23,"column":58}},"13":{"start":{"line":23,"column":44},"end":{"line":23,"column":57}},"14":{"start":{"line":24,"column":4},"end":{"line":28,"column":5}},"15":{"start":{"line":25,"column":31},"end":{"line":25,"column":51}},"16":{"start":{"line":26,"column":6},"end":{"line":26,"column":37}},"17":{"start":{"line":27,"column":6},"end":{"line":27,"column":80}},"18":{"start":{"line":31,"column":25},"end":{"line":35,"column":3}},"19":{"start":{"line":32,"column":29},"end":{"line":32,"column":70}},"20":{"start":{"line":32,"column":56},"end":{"line":32,"column":69}},"21":{"start":{"line":33,"column":4},"end":{"line":33,"column":35}},"22":{"start":{"line":34,"column":4},"end":{"line":34,"column":78}},"23":{"start":{"line":37,"column":21},"end":{"line":39,"column":3}},"24":{"start":{"line":38,"column":4},"end":{"line":38,"column":51}},"25":{"start":{"line":38,"column":36},"end":{"line":38,"column":49}},"26":{"start":{"line":41,"column":2},"end":{"line":47,"column":4}},"27":{"start":{"line":50,"column":28},"end":{"line":50,"column":62}},"28":{"start":{"line":50,"column":34},"end":{"line":50,"column":62}}},"fnMap":{"0":{"name":"(anonymous_0)","decl":{"start":{"line":6,"column":33},"end":{"line":6,"column":34}},"loc":{"start":{"line":6,"column":51},"end":{"line":48,"column":1}},"line":6},"1":{"name":"(anonymous_1)","decl":{"start":{"line":9,"column":12},"end":{"line":9,"column":13}},"loc":{"start":{"line":9,"column":18},"end":{"line":20,"column":3}},"line":9},"2":{"name":"(anonymous_2)","decl":{"start":{"line":10,"column":26},"end":{"line":10,"column":27}},"loc":{"start":{"line":10,"column":38},"end":{"line":18,"column":5}},"line":10},"3":{"name":"(anonymous_3)","decl":{"start":{"line":22,"column":23},"end":{"line":22,"column":24}},"loc":{"start":{"line":22,"column":39},"end":{"line":29,"column":3}},"line":22},"4":{"name":"(anonymous_4)","decl":{"start":{"line":23,"column":34},"end":{"line":23,"column":35}},"loc":{"start":{"line":23,"column":44},"end":{"line":23,"column":57}},"line":23},"5":{"name":"(anonymous_5)","decl":{"start":{"line":31,"column":25},"end":{"line":31,"column":26}},"loc":{"start":{"line":31,"column":41},"end":{"line":35,"column":3}},"line":31},"6":{"name":"(anonymous_6)","decl":{"start":{"line":32,"column":46},"end":{"line":32,"column":47}},"loc":{"start":{"line":32,"column":56},"end":{"line":32,"column":69}},"line":32},"7":{"name":"(anonymous_7)","decl":{"start":{"line":37,"column":21},"end":{"line":37,"column":22}},"loc":{"start":{"line":37,"column":31},"end":{"line":39,"column":3}},"line":37},"8":{"name":"(anonymous_8)","decl":{"start":{"line":38,"column":26},"end":{"line":38,"column":27}},"loc":{"start":{"line":38,"column":36},"end":{"line":38,"column":49}},"line":38},"9":{"name":"(anonymous_9)","decl":{"start":{"line":50,"column":28},"end":{"line":50,"column":29}},"loc":{"start":{"line":50,"column":34},"end":{"line":50,"column":62}},"line":50}},"branchMap":{"0":{"loc":{"start":{"line":13,"column":23},"end":{"line":13,"column":71}},"type":"cond-expr","locations":[{"start":{"line":13,"column":40},"end":{"line":13,"column":66}},{"start":{"line":13,"column":69},"end":{"line":13,"column":71}}],"line":13},"1":{"loc":{"start":{"line":24,"column":4},"end":{"line":28,"column":5}},"type":"if","locations":[{"start":{"line":24,"column":4},"end":{"line":28,"column":5}},{"start":{},"end":{}}],"line":24}},"s":{"0":0,"1":0,"2":0,"3":0,"4":0,"5":0,"6":0,"7":0,"8":0,"9":0,"10":0,"11":0,"12":0,"13":0,"14":0,"15":0,"16":0,"17":0,"18":0,"19":0,"20":0,"21":0,"22":0,"23":0,"24":0,"25":0,"26":0,"27":0,"28":0},"f":{"0":0,"1":0,"2":0,"3":0,"4":0,"5":0,"6":0,"7":0,"8":0,"9":0},"b":{"0":[0,0],"1":[0,0]}}
,"C:\\Users\\heidi\\OhjelmistoProjekti2\\FrontEnd\\WeatherApp\\components\\favorites\\FavoritesList.js": {"path":"C:\\Users\\heidi\\OhjelmistoProjekti2\\FrontEnd\\WeatherApp\\components\\favorites\\FavoritesList.js","statementMap":{"0":{"start":{"line":15,"column":24},"end":{"line":15,"column":38}},"1":{"start":{"line":17,"column":21},"end":{"line":17,"column":36}},"2":{"start":{"line":19,"column":26},"end":{"line":21,"column":3}},"3":{"start":{"line":20,"column":4},"end":{"line":20,"column":60}},"4":{"start":{"line":23,"column":2},"end":{"line":47,"column":4}},"5":{"start":{"line":30,"column":39},"end":{"line":30,"column":51}},"6":{"start":{"line":33,"column":10},"end":{"line":43,"column":17}},"7":{"start":{"line":35,"column":29},"end":{"line":35,"column":50}},"8":{"start":{"line":50,"column":15},"end":{"line":80,"column":2}}},"fnMap":{"0":{"name":"FavoritesList","decl":{"start":{"line":14,"column":24},"end":{"line":14,"column":37}},"loc":{"start":{"line":14,"column":40},"end":{"line":48,"column":1}},"line":14},"1":{"name":"(anonymous_1)","decl":{"start":{"line":19,"column":26},"end":{"line":19,"column":27}},"loc":{"start":{"line":19,"column":36},"end":{"line":21,"column":3}},"line":19},"2":{"name":"(anonymous_2)","decl":{"start":{"line":30,"column":22},"end":{"line":30,"column":23}},"loc":{"start":{"line":30,"column":39},"end":{"line":30,"column":51}},"line":30},"3":{"name":"(anonymous_3)","decl":{"start":{"line":32,"column":20},"end":{"line":32,"column":21}},"loc":{"start":{"line":33,"column":10},"end":{"line":43,"column":17}},"line":33},"4":{"name":"(anonymous_4)","decl":{"start":{"line":35,"column":23},"end":{"line":35,"column":24}},"loc":{"start":{"line":35,"column":29},"end":{"line":35,"column":50}},"line":35}},"branchMap":{},"s":{"0":4,"1":4,"2":4,"3":1,"4":4,"5":6,"6":4,"7":1,"8":2},"f":{"0":4,"1":1,"2":6,"3":4,"4":1},"b":{},"_coverageSchema":"1a1c01bbd47fc00a2c39e90264f33305004495a9","hash":"37a8902e485e8b4acfd008cd680107a336adedc6"}
,"C:\\Users\\heidi\\OhjelmistoProjekti2\\FrontEnd\\WeatherApp\\components\\map\\MapDefaultView.js": {"path":"C:\\Users\\heidi\\OhjelmistoProjekti2\\FrontEnd\\WeatherApp\\components\\map\\MapDefaultView.js","statementMap":{"0":{"start":{"line":10,"column":16},"end":{"line":10,"column":26}},"1":{"start":{"line":11,"column":17},"end":{"line":11,"column":37}},"2":{"start":{"line":12,"column":19},"end":{"line":12,"column":40}},"3":{"start":{"line":14,"column":36},"end":{"line":19,"column":4}},"4":{"start":{"line":21,"column":37},"end":{"line":21,"column":54}},"5":{"start":{"line":23,"column":40},"end":{"line":23,"column":55}},"6":{"start":{"line":24,"column":40},"end":{"line":24,"column":55}},"7":{"start":{"line":25,"column":40},"end":{"line":25,"column":55}},"8":{"start":{"line":26,"column":42},"end":{"line":26,"column":57}},"9":{"start":{"line":27,"column":32},"end":{"line":27,"column":47}},"10":{"start":{"line":29,"column":31},"end":{"line":29,"column":43}},"11":{"start":{"line":31,"column":30},"end":{"line":44,"column":3}},"12":{"start":{"line":32,"column":4},"end":{"line":43,"column":5}},"13":{"start":{"line":33,"column":6},"end":{"line":42,"column":7}},"14":{"start":{"line":34,"column":8},"end":{"line":39,"column":11}},"15":{"start":{"line":41,"column":8},"end":{"line":41,"column":38}},"16":{"start":{"line":46,"column":19},"end":{"line":57,"column":3}},"17":{"start":{"line":47,"column":4},"end":{"line":56,"column":5}},"18":{"start":{"line":48,"column":6},"end":{"line":53,"column":9}},"19":{"start":{"line":55,"column":6},"end":{"line":55,"column":36}},"20":{"start":{"line":59,"column":29},"end":{"line":73,"column":3}},"21":{"start":{"line":60,"column":4},"end":{"line":62,"column":5}},"22":{"start":{"line":61,"column":6},"end":{"line":61,"column":49}},"23":{"start":{"line":64,"column":4},"end":{"line":72,"column":13}},"24":{"start":{"line":65,"column":6},"end":{"line":71,"column":9}},"25":{"start":{"line":67,"column":10},"end":{"line":68,"column":68}},"26":{"start":{"line":70,"column":8},"end":{"line":70,"column":50}},"27":{"start":{"line":75,"column":2},"end":{"line":169,"column":4}},"28":{"start":{"line":142,"column":27},"end":{"line":142,"column":55}},"29":{"start":{"line":149,"column":27},"end":{"line":149,"column":55}},"30":{"start":{"line":156,"column":27},"end":{"line":156,"column":55}},"31":{"start":{"line":163,"column":27},"end":{"line":163,"column":57}},"32":{"start":{"line":166,"column":37},"end":{"line":166,"column":53}},"33":{"start":{"line":172,"column":15},"end":{"line":185,"column":2}}},"fnMap":{"0":{"name":"MapDefaultView","decl":{"start":{"line":9,"column":24},"end":{"line":9,"column":38}},"loc":{"start":{"line":9,"column":41},"end":{"line":170,"column":1}},"line":9},"1":{"name":"(anonymous_1)","decl":{"start":{"line":31,"column":30},"end":{"line":31,"column":31}},"loc":{"start":{"line":31,"column":36},"end":{"line":44,"column":3}},"line":31},"2":{"name":"(anonymous_2)","decl":{"start":{"line":46,"column":19},"end":{"line":46,"column":20}},"loc":{"start":{"line":46,"column":25},"end":{"line":57,"column":3}},"line":46},"3":{"name":"(anonymous_3)","decl":{"start":{"line":59,"column":29},"end":{"line":59,"column":30}},"loc":{"start":{"line":59,"column":41},"end":{"line":73,"column":3}},"line":59},"4":{"name":"(anonymous_4)","decl":{"start":{"line":64,"column":46},"end":{"line":64,"column":47}},"loc":{"start":{"line":64,"column":52},"end":{"line":72,"column":5}},"line":64},"5":{"name":"(anonymous_5)","decl":{"start":{"line":65,"column":19},"end":{"line":65,"column":20}},"loc":{"start":{"line":65,"column":35},"end":{"line":71,"column":7}},"line":65},"6":{"name":"(anonymous_6)","decl":{"start":{"line":142,"column":21},"end":{"line":142,"column":22}},"loc":{"start":{"line":142,"column":27},"end":{"line":142,"column":55}},"line":142},"7":{"name":"(anonymous_7)","decl":{"start":{"line":149,"column":21},"end":{"line":149,"column":22}},"loc":{"start":{"line":149,"column":27},"end":{"line":149,"column":55}},"line":149},"8":{"name":"(anonymous_8)","decl":{"start":{"line":156,"column":21},"end":{"line":156,"column":22}},"loc":{"start":{"line":156,"column":27},"end":{"line":156,"column":55}},"line":156},"9":{"name":"(anonymous_9)","decl":{"start":{"line":163,"column":21},"end":{"line":163,"column":22}},"loc":{"start":{"line":163,"column":27},"end":{"line":163,"column":57}},"line":163},"10":{"name":"(anonymous_10)","decl":{"start":{"line":166,"column":23},"end":{"line":166,"column":24}},"loc":{"start":{"line":166,"column":37},"end":{"line":166,"column":53}},"line":166}},"branchMap":{"0":{"loc":{"start":{"line":32,"column":4},"end":{"line":43,"column":5}},"type":"if","locations":[{"start":{"line":32,"column":4},"end":{"line":43,"column":5}},{"start":{},"end":{}}],"line":32},"1":{"loc":{"start":{"line":60,"column":4},"end":{"line":62,"column":5}},"type":"if","locations":[{"start":{"line":60,"column":4},"end":{"line":62,"column":5}},{"start":{},"end":{}}],"line":60},"2":{"loc":{"start":{"line":67,"column":10},"end":{"line":68,"column":68}},"type":"binary-expr","locations":[{"start":{"line":67,"column":10},"end":{"line":67,"column":66}},{"start":{"line":68,"column":10},"end":{"line":68,"column":68}}],"line":67},"3":{"loc":{"start":{"line":70,"column":15},"end":{"line":70,"column":49}},"type":"cond-expr","locations":[{"start":{"line":70,"column":30},"end":{"line":70,"column":40}},{"start":{"line":70,"column":43},"end":{"line":70,"column":49}}],"line":70},"4":{"loc":{"start":{"line":85,"column":9},"end":{"line":91,"column":9}},"type":"binary-expr","locations":[{"start":{"line":85,"column":9},"end":{"line":85,"column":20}},{"start":{"line":86,"column":10},"end":{"line":90,"column":12}}],"line":85},"5":{"loc":{"start":{"line":92,"column":9},"end":{"line":98,"column":9}},"type":"binary-expr","locations":[{"start":{"line":92,"column":9},"end":{"line":92,"column":20}},{"start":{"line":93,"column":10},"end":{"line":97,"column":12}}],"line":92},"6":{"loc":{"start":{"line":99,"column":9},"end":{"line":105,"column":9}},"type":"binary-expr","locations":[{"start":{"line":99,"column":9},"end":{"line":99,"column":20}},{"start":{"line":100,"column":10},"end":{"line":104,"column":12}}],"line":99},"7":{"loc":{"start":{"line":106,"column":9},"end":{"line":112,"column":9}},"type":"binary-expr","locations":[{"start":{"line":106,"column":9},"end":{"line":106,"column":21}},{"start":{"line":107,"column":10},"end":{"line":111,"column":12}}],"line":106},"8":{"loc":{"start":{"line":119,"column":14},"end":{"line":119,"column":40}},"type":"cond-expr","locations":[{"start":{"line":119,"column":24},"end":{"line":119,"column":31}},{"start":{"line":119,"column":34},"end":{"line":119,"column":40}}],"line":119},"9":{"loc":{"start":{"line":139,"column":19},"end":{"line":139,"column":50}},"type":"cond-expr","locations":[{"start":{"line":139,"column":33},"end":{"line":139,"column":39}},{"start":{"line":139,"column":42},"end":{"line":139,"column":50}}],"line":139},"10":{"loc":{"start":{"line":140,"column":19},"end":{"line":140,"column":58}},"type":"cond-expr","locations":[{"start":{"line":140,"column":33},"end":{"line":140,"column":44}},{"start":{"line":140,"column":47},"end":{"line":140,"column":58}}],"line":140},"11":{"loc":{"start":{"line":141,"column":28},"end":{"line":141,"column":59}},"type":"cond-expr","locations":[{"start":{"line":141,"column":42},"end":{"line":141,"column":48}},{"start":{"line":141,"column":51},"end":{"line":141,"column":59}}],"line":141},"12":{"loc":{"start":{"line":146,"column":19},"end":{"line":146,"column":50}},"type":"cond-expr","locations":[{"start":{"line":146,"column":33},"end":{"line":146,"column":39}},{"start":{"line":146,"column":42},"end":{"line":146,"column":50}}],"line":146},"13":{"loc":{"start":{"line":147,"column":19},"end":{"line":147,"column":58}},"type":"cond-expr","locations":[{"start":{"line":147,"column":33},"end":{"line":147,"column":44}},{"start":{"line":147,"column":47},"end":{"line":147,"column":58}}],"line":147},"14":{"loc":{"start":{"line":148,"column":28},"end":{"line":148,"column":59}},"type":"cond-expr","locations":[{"start":{"line":148,"column":42},"end":{"line":148,"column":48}},{"start":{"line":148,"column":51},"end":{"line":148,"column":59}}],"line":148},"15":{"loc":{"start":{"line":153,"column":19},"end":{"line":153,"column":50}},"type":"cond-expr","locations":[{"start":{"line":153,"column":33},"end":{"line":153,"column":39}},{"start":{"line":153,"column":42},"end":{"line":153,"column":50}}],"line":153},"16":{"loc":{"start":{"line":154,"column":19},"end":{"line":154,"column":58}},"type":"cond-expr","locations":[{"start":{"line":154,"column":33},"end":{"line":154,"column":44}},{"start":{"line":154,"column":47},"end":{"line":154,"column":58}}],"line":154},"17":{"loc":{"start":{"line":155,"column":28},"end":{"line":155,"column":59}},"type":"cond-expr","locations":[{"start":{"line":155,"column":42},"end":{"line":155,"column":48}},{"start":{"line":155,"column":51},"end":{"line":155,"column":59}}],"line":155},"18":{"loc":{"start":{"line":160,"column":19},"end":{"line":160,"column":51}},"type":"cond-expr","locations":[{"start":{"line":160,"column":34},"end":{"line":160,"column":40}},{"start":{"line":160,"column":43},"end":{"line":160,"column":51}}],"line":160},"19":{"loc":{"start":{"line":161,"column":19},"end":{"line":161,"column":63}},"type":"cond-expr","locations":[{"start":{"line":161,"column":34},"end":{"line":161,"column":47}},{"start":{"line":161,"column":50},"end":{"line":161,"column":63}}],"line":161},"20":{"loc":{"start":{"line":162,"column":28},"end":{"line":162,"column":60}},"type":"cond-expr","locations":[{"start":{"line":162,"column":43},"end":{"line":162,"column":49}},{"start":{"line":162,"column":52},"end":{"line":162,"column":60}}],"line":162}},"s":{"0":0,"1":0,"2":0,"3":0,"4":0,"5":0,"6":0,"7":0,"8":0,"9":0,"10":0,"11":0,"12":0,"13":0,"14":0,"15":0,"16":0,"17":0,"18":0,"19":0,"20":0,"21":0,"22":0,"23":0,"24":0,"25":0,"26":0,"27":0,"28":0,"29":0,"30":0,"31":0,"32":0,"33":1},"f":{"0":0,"1":0,"2":0,"3":0,"4":0,"5":0,"6":0,"7":0,"8":0,"9":0,"10":0},"b":{"0":[0,0],"1":[0,0],"2":[0,0],"3":[0,0],"4":[0,0],"5":[0,0],"6":[0,0],"7":[0,0],"8":[0,0],"9":[0,0],"10":[0,0],"11":[0,0],"12":[0,0],"13":[0,0],"14":[0,0],"15":[0,0],"16":[0,0],"17":[0,0],"18":[0,0],"19":[0,0],"20":[0,0]},"_coverageSchema":"1a1c01bbd47fc00a2c39e90264f33305004495a9","hash":"602b7bd4e26f7e222a890c11aa5234fb2bce0754"}
,"C:\\Users\\heidi\\OhjelmistoProjekti2\\FrontEnd\\WeatherApp\\components\\weather\\WeatherIndex.js": {"path":"C:\\Users\\heidi\\OhjelmistoProjekti2\\FrontEnd\\WeatherApp\\components\\weather\\WeatherIndex.js","statementMap":{"0":{"start":{"line":27,"column":40},"end":{"line":27,"column":52}},"1":{"start":{"line":28,"column":26},"end":{"line":28,"column":42}},"2":{"start":{"line":29,"column":48},"end":{"line":29,"column":63}},"3":{"start":{"line":31,"column":37},"end":{"line":31,"column":54}},"4":{"start":{"line":32,"column":41},"end":{"line":32,"column":56}},"5":{"start":{"line":33,"column":19},"end":{"line":33,"column":65}},"6":{"start":{"line":35,"column":22},"end":{"line":35,"column":42}},"7":{"start":{"line":37,"column":19},"end":{"line":37,"column":40}},"8":{"start":{"line":39,"column":47},"end":{"line":39,"column":64}},"9":{"start":{"line":41,"column":16},"end":{"line":41,"column":26}},"10":{"start":{"line":43,"column":31},"end":{"line":43,"column":49}},"11":{"start":{"line":45,"column":23},"end":{"line":53,"column":3}},"12":{"start":{"line":46,"column":20},"end":{"line":46,"column":49}},"13":{"start":{"line":47,"column":4},"end":{"line":49,"column":5}},"14":{"start":{"line":48,"column":6},"end":{"line":48,"column":43}},"15":{"start":{"line":50,"column":4},"end":{"line":50,"column":21}},"16":{"start":{"line":51,"column":4},"end":{"line":51,"column":23}},"17":{"start":{"line":52,"column":4},"end":{"line":52,"column":21}},"18":{"start":{"line":55,"column":33},"end":{"line":63,"column":3}},"19":{"start":{"line":56,"column":20},"end":{"line":56,"column":42}},"20":{"start":{"line":57,"column":4},"end":{"line":59,"column":5}},"21":{"start":{"line":58,"column":6},"end":{"line":58,"column":36}},"22":{"start":{"line":60,"column":4},"end":{"line":60,"column":21}},"23":{"start":{"line":61,"column":4},"end":{"line":61,"column":22}},"24":{"start":{"line":62,"column":4},"end":{"line":62,"column":21}},"25":{"start":{"line":65,"column":26},"end":{"line":68,"column":3}},"26":{"start":{"line":66,"column":4},"end":{"line":66,"column":29}},"27":{"start":{"line":67,"column":4},"end":{"line":67,"column":23}},"28":{"start":{"line":70,"column":2},"end":{"line":75,"column":24}},"29":{"start":{"line":71,"column":4},"end":{"line":74,"column":5}},"30":{"start":{"line":72,"column":6},"end":{"line":72,"column":23}},"31":{"start":{"line":73,"column":6},"end":{"line":73,"column":34}},"32":{"start":{"line":77,"column":2},"end":{"line":175,"column":4}},"33":{"start":{"line":106,"column":24},"end":{"line":106,"column":40}},"34":{"start":{"line":145,"column":31},"end":{"line":145,"column":55}},"35":{"start":{"line":158,"column":18},"end":{"line":164,"column":37}},"36":{"start":{"line":161,"column":35},"end":{"line":161,"column":63}},"37":{"start":{"line":178,"column":15},"end":{"line":280,"column":2}}},"fnMap":{"0":{"name":"WeatherIndex","decl":{"start":{"line":25,"column":24},"end":{"line":25,"column":36}},"loc":{"start":{"line":25,"column":39},"end":{"line":176,"column":1}},"line":25},"1":{"name":"(anonymous_1)","decl":{"start":{"line":45,"column":23},"end":{"line":45,"column":24}},"loc":{"start":{"line":45,"column":35},"end":{"line":53,"column":3}},"line":45},"2":{"name":"(anonymous_2)","decl":{"start":{"line":55,"column":33},"end":{"line":55,"column":34}},"loc":{"start":{"line":55,"column":49},"end":{"line":63,"column":3}},"line":55},"3":{"name":"(anonymous_3)","decl":{"start":{"line":65,"column":26},"end":{"line":65,"column":27}},"loc":{"start":{"line":65,"column":32},"end":{"line":68,"column":3}},"line":65},"4":{"name":"(anonymous_4)","decl":{"start":{"line":70,"column":12},"end":{"line":70,"column":13}},"loc":{"start":{"line":70,"column":18},"end":{"line":75,"column":3}},"line":70},"5":{"name":"(anonymous_5)","decl":{"start":{"line":105,"column":31},"end":{"line":105,"column":32}},"loc":{"start":{"line":105,"column":37},"end":{"line":107,"column":23}},"line":105},"6":{"name":"(anonymous_6)","decl":{"start":{"line":145,"column":25},"end":{"line":145,"column":26}},"loc":{"start":{"line":145,"column":31},"end":{"line":145,"column":55}},"line":145},"7":{"name":"(anonymous_7)","decl":{"start":{"line":157,"column":34},"end":{"line":157,"column":35}},"loc":{"start":{"line":158,"column":18},"end":{"line":164,"column":37}},"line":158},"8":{"name":"(anonymous_8)","decl":{"start":{"line":161,"column":29},"end":{"line":161,"column":30}},"loc":{"start":{"line":161,"column":35},"end":{"line":161,"column":63}},"line":161}},"branchMap":{"0":{"loc":{"start":{"line":33,"column":19},"end":{"line":33,"column":65}},"type":"cond-expr","locations":[{"start":{"line":33,"column":36},"end":{"line":33,"column":48}},{"start":{"line":33,"column":51},"end":{"line":33,"column":65}}],"line":33},"1":{"loc":{"start":{"line":43,"column":31},"end":{"line":43,"column":49}},"type":"binary-expr","locations":[{"start":{"line":43,"column":31},"end":{"line":43,"column":43}},{"start":{"line":43,"column":47},"end":{"line":43,"column":49}}],"line":43},"2":{"loc":{"start":{"line":47,"column":4},"end":{"line":49,"column":5}},"type":"if","locations":[{"start":{"line":47,"column":4},"end":{"line":49,"column":5}},{"start":{},"end":{}}],"line":47},"3":{"loc":{"start":{"line":57,"column":4},"end":{"line":59,"column":5}},"type":"if","locations":[{"start":{"line":57,"column":4},"end":{"line":59,"column":5}},{"start":{},"end":{}}],"line":57},"4":{"loc":{"start":{"line":71,"column":4},"end":{"line":74,"column":5}},"type":"if","locations":[{"start":{"line":71,"column":4},"end":{"line":74,"column":5}},{"start":{},"end":{}}],"line":71},"5":{"loc":{"start":{"line":92,"column":21},"end":{"line":96,"column":21}},"type":"cond-expr","locations":[{"start":{"line":93,"column":22},"end":{"line":93,"column":95}},{"start":{"line":95,"column":22},"end":{"line":95,"column":87}}],"line":92},"6":{"loc":{"start":{"line":113,"column":17},"end":{"line":129,"column":17}},"type":"binary-expr","locations":[{"start":{"line":113,"column":17},"end":{"line":113,"column":30}},{"start":{"line":114,"column":18},"end":{"line":128,"column":25}}],"line":113},"7":{"loc":{"start":{"line":117,"column":23},"end":{"line":122,"column":30}},"type":"cond-expr","locations":[{"start":{"line":118,"column":24},"end":{"line":121,"column":26}},{"start":{"line":122,"column":26},"end":{"line":122,"column":30}}],"line":117},"8":{"loc":{"start":{"line":150,"column":13},"end":{"line":167,"column":13}},"type":"binary-expr","locations":[{"start":{"line":150,"column":13},"end":{"line":150,"column":28}},{"start":{"line":150,"column":32},"end":{"line":150,"column":55}},{"start":{"line":151,"column":14},"end":{"line":166,"column":21}}],"line":150}},"s":{"0":15,"1":12,"2":12,"3":12,"4":12,"5":12,"6":12,"7":12,"8":12,"9":12,"10":12,"11":12,"12":0,"13":0,"14":0,"15":0,"16":0,"17":0,"18":12,"19":0,"20":0,"21":0,"22":0,"23":0,"24":0,"25":12,"26":0,"27":0,"28":12,"29":6,"30":0,"31":0,"32":12,"33":0,"34":0,"35":0,"36":0,"37":3},"f":{"0":15,"1":0,"2":0,"3":0,"4":6,"5":0,"6":0,"7":0,"8":0},"b":{"0":[12,0],"1":[12,0],"2":[0,0],"3":[0,0],"4":[0,6],"5":[0,12],"6":[12,2],"7":[0,2],"8":[12,0,0]},"_coverageSchema":"1a1c01bbd47fc00a2c39e90264f33305004495a9","hash":"9f08a2fa05f392d4aa29741a1bcc110c0f0d588d"}
,"C:\\Users\\heidi\\OhjelmistoProjekti2\\FrontEnd\\WeatherApp\\components\\weather\\forecast\\DataEdit.js": {"path":"C:\\Users\\heidi\\OhjelmistoProjekti2\\FrontEnd\\WeatherApp\\components\\weather\\forecast\\DataEdit.js","statementMap":{"0":{"start":{"line":2,"column":31},"end":{"line":13,"column":1}},"1":{"start":{"line":3,"column":2},"end":{"line":12,"column":6}},"2":{"start":{"line":3,"column":34},"end":{"line":12,"column":3}}},"fnMap":{"0":{"name":"(anonymous_0)","decl":{"start":{"line":2,"column":31},"end":{"line":2,"column":32}},"loc":{"start":{"line":2,"column":41},"end":{"line":13,"column":1}},"line":2},"1":{"name":"(anonymous_1)","decl":{"start":{"line":3,"column":23},"end":{"line":3,"column":24}},"loc":{"start":{"line":3,"column":34},"end":{"line":12,"column":3}},"line":3}},"branchMap":{},"s":{"0":4,"1":1,"2":2},"f":{"0":1,"1":2},"b":{},"_coverageSchema":"1a1c01bbd47fc00a2c39e90264f33305004495a9","hash":"59ff44bcd4384b17b5ec6f8beecfd1caa034394e"}
,"C:\\Users\\heidi\\OhjelmistoProjekti2\\FrontEnd\\WeatherApp\\components\\weather\\forecast\\Forecast.js": {"path":"C:\\Users\\heidi\\OhjelmistoProjekti2\\FrontEnd\\WeatherApp\\components\\weather\\forecast\\Forecast.js","statementMap":{"0":{"start":{"line":10,"column":28},"end":{"line":10,"column":41}},"1":{"start":{"line":12,"column":2},"end":{"line":36,"column":4}},"2":{"start":{"line":39,"column":15},"end":{"line":48,"column":2}}},"fnMap":{"0":{"name":"Forecast","decl":{"start":{"line":9,"column":24},"end":{"line":9,"column":32}},"loc":{"start":{"line":9,"column":47},"end":{"line":37,"column":1}},"line":9}},"branchMap":{"0":{"loc":{"start":{"line":30,"column":7},"end":{"line":34,"column":7}},"type":"cond-expr","locations":[{"start":{"line":31,"column":8},"end":{"line":31,"column":49}},{"start":{"line":33,"column":8},"end":{"line":33,"column":51}}],"line":30}},"s":{"0":13,"1":13,"2":3},"f":{"0":13},"b":{"0":[0,13]},"_coverageSchema":"1a1c01bbd47fc00a2c39e90264f33305004495a9","hash":"ae63fbb51cc505fa47d47a21573205f2a75f936c"}
,"C:\\Users\\heidi\\OhjelmistoProjekti2\\FrontEnd\\WeatherApp\\components\\weather\\forecast\\ForecastFlatList16days.js": {"path":"C:\\Users\\heidi\\OhjelmistoProjekti2\\FrontEnd\\WeatherApp\\components\\weather\\forecast\\ForecastFlatList16days.js","statementMap":{"0":{"start":{"line":5,"column":2},"end":{"line":32,"column":4}},"1":{"start":{"line":11,"column":10},"end":{"line":28,"column":17}},"2":{"start":{"line":35,"column":15},"end":{"line":55,"column":2}}},"fnMap":{"0":{"name":"ForecastFlatList","decl":{"start":{"line":4,"column":24},"end":{"line":4,"column":40}},"loc":{"start":{"line":4,"column":55},"end":{"line":33,"column":1}},"line":4},"1":{"name":"(anonymous_1)","decl":{"start":{"line":10,"column":20},"end":{"line":10,"column":21}},"loc":{"start":{"line":11,"column":10},"end":{"line":28,"column":17}},"line":11}},"branchMap":{},"s":{"0":0,"1":0,"2":3},"f":{"0":0,"1":0},"b":{},"_coverageSchema":"1a1c01bbd47fc00a2c39e90264f33305004495a9","hash":"9aa376a7ffea83b9981467a17a78cdfd8d5174c1"}
,"C:\\Users\\heidi\\OhjelmistoProjekti2\\FrontEnd\\WeatherApp\\components\\weather\\forecast\\ForecastFlatList5days.js": {"path":"C:\\Users\\heidi\\OhjelmistoProjekti2\\FrontEnd\\WeatherApp\\components\\weather\\forecast\\ForecastFlatList5days.js","statementMap":{"0":{"start":{"line":13,"column":42},"end":{"line":13,"column":56}},"1":{"start":{"line":14,"column":54},"end":{"line":14,"column":66}},"2":{"start":{"line":15,"column":16},"end":{"line":15,"column":26}},"3":{"start":{"line":17,"column":2},"end":{"line":24,"column":37}},"4":{"start":{"line":18,"column":4},"end":{"line":23,"column":5}},"5":{"start":{"line":19,"column":27},"end":{"line":21,"column":7}},"6":{"start":{"line":20,"column":18},"end":{"line":20,"column":44}},"7":{"start":{"line":22,"column":6},"end":{"line":22,"column":42}},"8":{"start":{"line":26,"column":22},"end":{"line":32,"column":3}},"9":{"start":{"line":27,"column":4},"end":{"line":31,"column":5}},"10":{"start":{"line":28,"column":6},"end":{"line":28,"column":28}},"11":{"start":{"line":30,"column":6},"end":{"line":30,"column":28}},"12":{"start":{"line":34,"column":21},"end":{"line":37,"column":3}},"13":{"start":{"line":35,"column":17},"end":{"line":35,"column":34}},"14":{"start":{"line":36,"column":4},"end":{"line":36,"column":55}},"15":{"start":{"line":39,"column":2},"end":{"line":101,"column":4}},"16":{"start":{"line":45,"column":8},"end":{"line":98,"column":15}},"17":{"start":{"line":47,"column":27},"end":{"line":47,"column":49}},"18":{"start":{"line":83,"column":16},"end":{"line":94,"column":23}},"19":{"start":{"line":104,"column":15},"end":{"line":144,"column":2}}},"fnMap":{"0":{"name":"ForecastFlatList5","decl":{"start":{"line":12,"column":24},"end":{"line":12,"column":41}},"loc":{"start":{"line":12,"column":77},"end":{"line":102,"column":1}},"line":12},"1":{"name":"(anonymous_1)","decl":{"start":{"line":17,"column":12},"end":{"line":17,"column":13}},"loc":{"start":{"line":17,"column":18},"end":{"line":24,"column":3}},"line":17},"2":{"name":"(anonymous_2)","decl":{"start":{"line":20,"column":8},"end":{"line":20,"column":9}},"loc":{"start":{"line":20,"column":18},"end":{"line":20,"column":44}},"line":20},"3":{"name":"(anonymous_3)","decl":{"start":{"line":26,"column":22},"end":{"line":26,"column":23}},"loc":{"start":{"line":26,"column":32},"end":{"line":32,"column":3}},"line":26},"4":{"name":"(anonymous_4)","decl":{"start":{"line":34,"column":21},"end":{"line":34,"column":22}},"loc":{"start":{"line":34,"column":34},"end":{"line":37,"column":3}},"line":34},"5":{"name":"(anonymous_5)","decl":{"start":{"line":44,"column":18},"end":{"line":44,"column":19}},"loc":{"start":{"line":45,"column":8},"end":{"line":98,"column":15}},"line":45},"6":{"name":"(anonymous_6)","decl":{"start":{"line":47,"column":21},"end":{"line":47,"column":22}},"loc":{"start":{"line":47,"column":27},"end":{"line":47,"column":49}},"line":47},"7":{"name":"(anonymous_7)","decl":{"start":{"line":82,"column":26},"end":{"line":82,"column":27}},"loc":{"start":{"line":83,"column":16},"end":{"line":94,"column":23}},"line":83}},"branchMap":{"0":{"loc":{"start":{"line":18,"column":4},"end":{"line":23,"column":5}},"type":"if","locations":[{"start":{"line":18,"column":4},"end":{"line":23,"column":5}},{"start":{},"end":{}}],"line":18},"1":{"loc":{"start":{"line":27,"column":4},"end":{"line":31,"column":5}},"type":"if","locations":[{"start":{"line":27,"column":4},"end":{"line":31,"column":5}},{"start":{"line":29,"column":11},"end":{"line":31,"column":5}}],"line":27},"2":{"loc":{"start":{"line":69,"column":16},"end":{"line":71,"column":41}},"type":"cond-expr","locations":[{"start":{"line":70,"column":20},"end":{"line":70,"column":39}},{"start":{"line":71,"column":20},"end":{"line":71,"column":41}}],"line":69},"3":{"loc":{"start":{"line":78,"column":11},"end":{"line":97,"column":11}},"type":"binary-expr","locations":[{"start":{"line":78,"column":11},"end":{"line":78,"column":37}},{"start":{"line":79,"column":12},"end":{"line":96,"column":14}}],"line":78}},"s":{"0":0,"1":0,"2":0,"3":0,"4":0,"5":0,"6":0,"7":0,"8":0,"9":0,"10":0,"11":0,"12":0,"13":0,"14":0,"15":0,"16":0,"17":0,"18":0,"19":3},"f":{"0":0,"1":0,"2":0,"3":0,"4":0,"5":0,"6":0,"7":0},"b":{"0":[0,0],"1":[0,0],"2":[0,0],"3":[0,0]},"_coverageSchema":"1a1c01bbd47fc00a2c39e90264f33305004495a9","hash":"6103dcc9564dcab662a155d18aafe66cf968ef25"}
,"C:\\Users\\heidi\\OhjelmistoProjekti2\\FrontEnd\\WeatherApp\\components\\weather\\forecast\\ForecastFor16Days.js": {"path":"C:\\Users\\heidi\\OhjelmistoProjekti2\\FrontEnd\\WeatherApp\\components\\weather\\forecast\\ForecastFor16Days.js","statementMap":{"0":{"start":{"line":9,"column":34},"end":{"line":9,"column":48}},"1":{"start":{"line":11,"column":2},"end":{"line":15,"column":17}},"2":{"start":{"line":12,"column":4},"end":{"line":14,"column":5}},"3":{"start":{"line":13,"column":6},"end":{"line":13,"column":20}},"4":{"start":{"line":17,"column":22},"end":{"line":24,"column":3}},"5":{"start":{"line":18,"column":4},"end":{"line":23,"column":62}},"6":{"start":{"line":20,"column":31},"end":{"line":20,"column":52}},"7":{"start":{"line":21,"column":8},"end":{"line":21,"column":36}},"8":{"start":{"line":23,"column":22},"end":{"line":23,"column":60}},"9":{"start":{"line":26,"column":2},"end":{"line":34,"column":4}},"10":{"start":{"line":37,"column":15},"end":{"line":41,"column":2}}},"fnMap":{"0":{"name":"ForecastFor16Days","decl":{"start":{"line":8,"column":24},"end":{"line":8,"column":41}},"loc":{"start":{"line":8,"column":56},"end":{"line":35,"column":1}},"line":8},"1":{"name":"(anonymous_1)","decl":{"start":{"line":11,"column":12},"end":{"line":11,"column":13}},"loc":{"start":{"line":11,"column":18},"end":{"line":15,"column":3}},"line":11},"2":{"name":"(anonymous_2)","decl":{"start":{"line":17,"column":22},"end":{"line":17,"column":23}},"loc":{"start":{"line":17,"column":28},"end":{"line":24,"column":3}},"line":17},"3":{"name":"(anonymous_3)","decl":{"start":{"line":19,"column":12},"end":{"line":19,"column":13}},"loc":{"start":{"line":19,"column":22},"end":{"line":22,"column":7}},"line":19},"4":{"name":"(anonymous_4)","decl":{"start":{"line":23,"column":13},"end":{"line":23,"column":14}},"loc":{"start":{"line":23,"column":22},"end":{"line":23,"column":60}},"line":23}},"branchMap":{"0":{"loc":{"start":{"line":12,"column":4},"end":{"line":14,"column":5}},"type":"if","locations":[{"start":{"line":12,"column":4},"end":{"line":14,"column":5}},{"start":{},"end":{}}],"line":12},"1":{"loc":{"start":{"line":12,"column":8},"end":{"line":12,"column":49}},"type":"binary-expr","locations":[{"start":{"line":12,"column":8},"end":{"line":12,"column":26}},{"start":{"line":12,"column":30},"end":{"line":12,"column":49}}],"line":12},"2":{"loc":{"start":{"line":28,"column":7},"end":{"line":32,"column":7}},"type":"cond-expr","locations":[{"start":{"line":29,"column":8},"end":{"line":29,"column":48}},{"start":{"line":31,"column":8},"end":{"line":31,"column":73}}],"line":28}},"s":{"0":0,"1":0,"2":0,"3":0,"4":0,"5":0,"6":0,"7":0,"8":0,"9":0,"10":3},"f":{"0":0,"1":0,"2":0,"3":0,"4":0},"b":{"0":[0,0],"1":[0,0],"2":[0,0]},"_coverageSchema":"1a1c01bbd47fc00a2c39e90264f33305004495a9","hash":"8061e21ac658b0a68909d4b5c42481c0a508bbbf"}
,"C:\\Users\\heidi\\OhjelmistoProjekti2\\FrontEnd\\WeatherApp\\components\\weather\\forecast\\ForecastFor5Days.js": {"path":"C:\\Users\\heidi\\OhjelmistoProjekti2\\FrontEnd\\WeatherApp\\components\\weather\\forecast\\ForecastFor5Days.js","statementMap":{"0":{"start":{"line":9,"column":44},"end":{"line":9,"column":58}},"1":{"start":{"line":10,"column":46},"end":{"line":10,"column":60}},"2":{"start":{"line":12,"column":2},"end":{"line":16,"column":17}},"3":{"start":{"line":13,"column":4},"end":{"line":15,"column":5}},"4":{"start":{"line":14,"column":6},"end":{"line":14,"column":20}},"5":{"start":{"line":18,"column":22},"end":{"line":47,"column":3}},"6":{"start":{"line":19,"column":4},"end":{"line":46,"column":62}},"7":{"start":{"line":21,"column":27},"end":{"line":33,"column":10}},"8":{"start":{"line":22,"column":23},"end":{"line":22,"column":48}},"9":{"start":{"line":23,"column":27},"end":{"line":23,"column":64}},"10":{"start":{"line":25,"column":10},"end":{"line":32,"column":12}},"11":{"start":{"line":34,"column":8},"end":{"line":34,"column":38}},"12":{"start":{"line":36,"column":26},"end":{"line":40,"column":13}},"13":{"start":{"line":37,"column":28},"end":{"line":37,"column":49}},"14":{"start":{"line":38,"column":26},"end":{"line":40,"column":11}},"15":{"start":{"line":42,"column":8},"end":{"line":42,"column":36}},"16":{"start":{"line":44,"column":22},"end":{"line":44,"column":72}},"17":{"start":{"line":44,"column":50},"end":{"line":44,"column":71}},"18":{"start":{"line":46,"column":22},"end":{"line":46,"column":60}},"19":{"start":{"line":49,"column":2},"end":{"line":60,"column":4}},"20":{"start":{"line":63,"column":15},"end":{"line":67,"column":2}}},"fnMap":{"0":{"name":"ForecastForFiveDays","decl":{"start":{"line":8,"column":24},"end":{"line":8,"column":43}},"loc":{"start":{"line":8,"column":58},"end":{"line":61,"column":1}},"line":8},"1":{"name":"(anonymous_1)","decl":{"start":{"line":12,"column":12},"end":{"line":12,"column":13}},"loc":{"start":{"line":12,"column":18},"end":{"line":16,"column":3}},"line":12},"2":{"name":"(anonymous_2)","decl":{"start":{"line":18,"column":22},"end":{"line":18,"column":23}},"loc":{"start":{"line":18,"column":28},"end":{"line":47,"column":3}},"line":18},"3":{"name":"(anonymous_3)","decl":{"start":{"line":20,"column":12},"end":{"line":20,"column":13}},"loc":{"start":{"line":20,"column":22},"end":{"line":45,"column":7}},"line":20},"4":{"name":"(anonymous_4)","decl":{"start":{"line":21,"column":41},"end":{"line":21,"column":42}},"loc":{"start":{"line":21,"column":51},"end":{"line":33,"column":9}},"line":21},"5":{"name":"(anonymous_5)","decl":{"start":{"line":37,"column":18},"end":{"line":37,"column":19}},"loc":{"start":{"line":37,"column":28},"end":{"line":37,"column":49}},"line":37},"6":{"name":"(anonymous_6)","decl":{"start":{"line":38,"column":15},"end":{"line":38,"column":16}},"loc":{"start":{"line":38,"column":26},"end":{"line":40,"column":11}},"line":38},"7":{"name":"(anonymous_7)","decl":{"start":{"line":44,"column":40},"end":{"line":44,"column":41}},"loc":{"start":{"line":44,"column":50},"end":{"line":44,"column":71}},"line":44},"8":{"name":"(anonymous_8)","decl":{"start":{"line":46,"column":13},"end":{"line":46,"column":14}},"loc":{"start":{"line":46,"column":22},"end":{"line":46,"column":60}},"line":46}},"branchMap":{"0":{"loc":{"start":{"line":13,"column":4},"end":{"line":15,"column":5}},"type":"if","locations":[{"start":{"line":13,"column":4},"end":{"line":15,"column":5}},{"start":{},"end":{}}],"line":13},"1":{"loc":{"start":{"line":13,"column":8},"end":{"line":13,"column":49}},"type":"binary-expr","locations":[{"start":{"line":13,"column":8},"end":{"line":13,"column":26}},{"start":{"line":13,"column":30},"end":{"line":13,"column":49}}],"line":13},"2":{"loc":{"start":{"line":51,"column":7},"end":{"line":58,"column":7}},"type":"cond-expr","locations":[{"start":{"line":52,"column":8},"end":{"line":55,"column":10}},{"start":{"line":57,"column":8},"end":{"line":57,"column":73}}],"line":51},"3":{"loc":{"start":{"line":51,"column":7},"end":{"line":51,"column":38}},"type":"binary-expr","locations":[{"start":{"line":51,"column":7},"end":{"line":51,"column":20}},{"start":{"line":51,"column":24},"end":{"line":51,"column":38}}],"line":51}},"s":{"0":13,"1":13,"2":13,"3":7,"4":0,"5":13,"6":0,"7":0,"8":0,"9":0,"10":0,"11":0,"12":0,"13":0,"14":0,"15":0,"16":0,"17":0,"18":0,"19":13,"20":3},"f":{"0":13,"1":7,"2":0,"3":0,"4":0,"5":0,"6":0,"7":0,"8":0},"b":{"0":[0,7],"1":[7,0],"2":[0,13],"3":[13,0]},"_coverageSchema":"1a1c01bbd47fc00a2c39e90264f33305004495a9","hash":"a5dee78920e2345a5534c2d5d31ed00bbfb099a9"}
,"C:\\Users\\heidi\\OhjelmistoProjekti2\\FrontEnd\\WeatherApp\\hooks\\useCityName.js": {"path":"C:\\Users\\heidi\\OhjelmistoProjekti2\\FrontEnd\\WeatherApp\\hooks\\useCityName.js","statementMap":{"0":{"start":{"line":5,"column":26},"end":{"line":5,"column":38}},"1":{"start":{"line":7,"column":2},"end":{"line":27,"column":17}},"2":{"start":{"line":8,"column":4},"end":{"line":10,"column":5}},"3":{"start":{"line":9,"column":6},"end":{"line":9,"column":13}},"4":{"start":{"line":11,"column":20},"end":{"line":25,"column":5}},"5":{"start":{"line":12,"column":6},"end":{"line":24,"column":7}},"6":{"start":{"line":13,"column":24},"end":{"line":16,"column":10}},"7":{"start":{"line":18,"column":8},"end":{"line":20,"column":9}},"8":{"start":{"line":19,"column":10},"end":{"line":19,"column":57}},"9":{"start":{"line":22,"column":8},"end":{"line":22,"column":55}},"10":{"start":{"line":23,"column":8},"end":{"line":23,"column":22}},"11":{"start":{"line":26,"column":4},"end":{"line":26,"column":14}},"12":{"start":{"line":29,"column":2},"end":{"line":29,"column":18}}},"fnMap":{"0":{"name":"useCityName","decl":{"start":{"line":4,"column":24},"end":{"line":4,"column":35}},"loc":{"start":{"line":4,"column":46},"end":{"line":30,"column":1}},"line":4},"1":{"name":"(anonymous_1)","decl":{"start":{"line":7,"column":12},"end":{"line":7,"column":13}},"loc":{"start":{"line":7,"column":18},"end":{"line":27,"column":3}},"line":7},"2":{"name":"(anonymous_2)","decl":{"start":{"line":11,"column":20},"end":{"line":11,"column":21}},"loc":{"start":{"line":11,"column":32},"end":{"line":25,"column":5}},"line":11}},"branchMap":{"0":{"loc":{"start":{"line":8,"column":4},"end":{"line":10,"column":5}},"type":"if","locations":[{"start":{"line":8,"column":4},"end":{"line":10,"column":5}},{"start":{},"end":{}}],"line":8},"1":{"loc":{"start":{"line":8,"column":8},"end":{"line":8,"column":51}},"type":"binary-expr","locations":[{"start":{"line":8,"column":8},"end":{"line":8,"column":27}},{"start":{"line":8,"column":31},"end":{"line":8,"column":51}}],"line":8},"2":{"loc":{"start":{"line":18,"column":8},"end":{"line":20,"column":9}},"type":"if","locations":[{"start":{"line":18,"column":8},"end":{"line":20,"column":9}},{"start":{},"end":{}}],"line":18},"3":{"loc":{"start":{"line":19,"column":18},"end":{"line":19,"column":55}},"type":"binary-expr","locations":[{"start":{"line":19,"column":18},"end":{"line":19,"column":33}},{"start":{"line":19,"column":37},"end":{"line":19,"column":55}}],"line":19}},"s":{"0":14,"1":14,"2":7,"3":6,"4":1,"5":1,"6":1,"7":1,"8":1,"9":0,"10":0,"11":1,"12":14},"f":{"0":14,"1":7,"2":1},"b":{"0":[6,1],"1":[7,1],"2":[1,0],"3":[1,0]},"_coverageSchema":"1a1c01bbd47fc00a2c39e90264f33305004495a9","hash":"6e7692bc7c042751c4c9c860c9fbe5cb71328fa4"}
,"C:\\Users\\heidi\\OhjelmistoProjekti2\\FrontEnd\\WeatherApp\\hooks\\useCitySearch.js": {"path":"C:\\Users\\heidi\\OhjelmistoProjekti2\\FrontEnd\\WeatherApp\\hooks\\useCitySearch.js","statementMap":{"0":{"start":{"line":8,"column":46},"end":{"line":8,"column":60}},"1":{"start":{"line":10,"column":21},"end":{"line":36,"column":3}},"2":{"start":{"line":11,"column":4},"end":{"line":14,"column":5}},"3":{"start":{"line":12,"column":6},"end":{"line":12,"column":40}},"4":{"start":{"line":13,"column":6},"end":{"line":13,"column":13}},"5":{"start":{"line":15,"column":24},"end":{"line":15,"column":35}},"6":{"start":{"line":17,"column":4},"end":{"line":35,"column":5}},"7":{"start":{"line":18,"column":25},"end":{"line":18,"column":57}},"8":{"start":{"line":19,"column":6},"end":{"line":30,"column":7}},"9":{"start":{"line":20,"column":8},"end":{"line":23,"column":11}},"10":{"start":{"line":24,"column":8},"end":{"line":24,"column":20}},"11":{"start":{"line":26,"column":8},"end":{"line":26,"column":47}},"12":{"start":{"line":27,"column":8},"end":{"line":27,"column":50}},"13":{"start":{"line":28,"column":8},"end":{"line":28,"column":32}},"14":{"start":{"line":29,"column":8},"end":{"line":29,"column":21}},"15":{"start":{"line":32,"column":6},"end":{"line":32,"column":71}},"16":{"start":{"line":33,"column":6},"end":{"line":33,"column":30}},"17":{"start":{"line":34,"column":6},"end":{"line":34,"column":19}},"18":{"start":{"line":38,"column":2},"end":{"line":38,"column":40}}},"fnMap":{"0":{"name":"useCitySearch","decl":{"start":{"line":7,"column":24},"end":{"line":7,"column":37}},"loc":{"start":{"line":7,"column":40},"end":{"line":39,"column":1}},"line":7},"1":{"name":"(anonymous_1)","decl":{"start":{"line":10,"column":21},"end":{"line":10,"column":22}},"loc":{"start":{"line":10,"column":37},"end":{"line":36,"column":3}},"line":10}},"branchMap":{"0":{"loc":{"start":{"line":11,"column":4},"end":{"line":14,"column":5}},"type":"if","locations":[{"start":{"line":11,"column":4},"end":{"line":14,"column":5}},{"start":{},"end":{}}],"line":11},"1":{"loc":{"start":{"line":19,"column":6},"end":{"line":30,"column":7}},"type":"if","locations":[{"start":{"line":19,"column":6},"end":{"line":30,"column":7}},{"start":{"line":25,"column":13},"end":{"line":30,"column":7}}],"line":19}},"s":{"0":14,"1":14,"2":1,"3":0,"4":0,"5":1,"6":1,"7":1,"8":1,"9":1,"10":1,"11":0,"12":0,"13":0,"14":0,"15":0,"16":0,"17":0,"18":14},"f":{"0":14,"1":1},"b":{"0":[0,1],"1":[1,0]},"_coverageSchema":"1a1c01bbd47fc00a2c39e90264f33305004495a9","hash":"de7f8513c6d99247b23ca4216528f2f7ae8a2186"}
,"C:\\Users\\heidi\\OhjelmistoProjekti2\\FrontEnd\\WeatherApp\\hooks\\useRecentSearch.js": {"path":"C:\\Users\\heidi\\OhjelmistoProjekti2\\FrontEnd\\WeatherApp\\hooks\\useRecentSearch.js","statementMap":{"0":{"start":{"line":5,"column":42},"end":{"line":5,"column":54}},"1":{"start":{"line":7,"column":2},"end":{"line":21,"column":9}},"2":{"start":{"line":8,"column":29},"end":{"line":19,"column":5}},"3":{"start":{"line":9,"column":6},"end":{"line":18,"column":7}},"4":{"start":{"line":10,"column":28},"end":{"line":10,"column":70}},"5":{"start":{"line":11,"column":8},"end":{"line":13,"column":9}},"6":{"start":{"line":12,"column":10},"end":{"line":12,"column":51}},"7":{"start":{"line":14,"column":8},"end":{"line":14,"column":20}},"8":{"start":{"line":16,"column":8},"end":{"line":16,"column":77}},"9":{"start":{"line":17,"column":8},"end":{"line":17,"column":21}},"10":{"start":{"line":20,"column":4},"end":{"line":20,"column":23}},"11":{"start":{"line":23,"column":29},"end":{"line":36,"column":3}},"12":{"start":{"line":24,"column":4},"end":{"line":35,"column":5}},"13":{"start":{"line":25,"column":28},"end":{"line":28,"column":19}},"14":{"start":{"line":27,"column":38},"end":{"line":27,"column":48}},"15":{"start":{"line":29,"column":6},"end":{"line":29,"column":37}},"16":{"start":{"line":30,"column":6},"end":{"line":30,"column":80}},"17":{"start":{"line":31,"column":6},"end":{"line":31,"column":27}},"18":{"start":{"line":33,"column":6},"end":{"line":33,"column":75}},"19":{"start":{"line":34,"column":6},"end":{"line":34,"column":19}},"20":{"start":{"line":38,"column":2},"end":{"line":38,"column":46}}},"fnMap":{"0":{"name":"useRecentSearch","decl":{"start":{"line":4,"column":24},"end":{"line":4,"column":39}},"loc":{"start":{"line":4,"column":42},"end":{"line":39,"column":1}},"line":4},"1":{"name":"(anonymous_1)","decl":{"start":{"line":7,"column":12},"end":{"line":7,"column":13}},"loc":{"start":{"line":7,"column":18},"end":{"line":21,"column":3}},"line":7},"2":{"name":"(anonymous_2)","decl":{"start":{"line":8,"column":29},"end":{"line":8,"column":30}},"loc":{"start":{"line":8,"column":41},"end":{"line":19,"column":5}},"line":8},"3":{"name":"(anonymous_3)","decl":{"start":{"line":23,"column":29},"end":{"line":23,"column":30}},"loc":{"start":{"line":23,"column":45},"end":{"line":36,"column":3}},"line":23},"4":{"name":"(anonymous_4)","decl":{"start":{"line":27,"column":31},"end":{"line":27,"column":32}},"loc":{"start":{"line":27,"column":38},"end":{"line":27,"column":48}},"line":27}},"branchMap":{"0":{"loc":{"start":{"line":11,"column":8},"end":{"line":13,"column":9}},"type":"if","locations":[{"start":{"line":11,"column":8},"end":{"line":13,"column":9}},{"start":{},"end":{}}],"line":11}},"s":{"0":14,"1":14,"2":7,"3":7,"4":7,"5":7,"6":1,"7":7,"8":0,"9":0,"10":7,"11":14,"12":0,"13":0,"14":0,"15":0,"16":0,"17":0,"18":0,"19":0,"20":14},"f":{"0":14,"1":7,"2":7,"3":0,"4":0},"b":{"0":[1,6]},"_coverageSchema":"1a1c01bbd47fc00a2c39e90264f33305004495a9","hash":"0b1a9e049e8ebad945fe19462f289820c2c21912"}
,"C:\\Users\\heidi\\OhjelmistoProjekti2\\FrontEnd\\WeatherApp\\hooks\\useUserLocation.js": {"path":"C:\\Users\\heidi\\OhjelmistoProjekti2\\FrontEnd\\WeatherApp\\hooks\\useUserLocation.js","statementMap":{"0":{"start":{"line":8,"column":34},"end":{"line":8,"column":48}},"1":{"start":{"line":9,"column":32},"end":{"line":9,"column":46}},"2":{"start":{"line":11,"column":2},"end":{"line":32,"column":9}},"3":{"start":{"line":12,"column":28},"end":{"line":30,"column":5}},"4":{"start":{"line":13,"column":6},"end":{"line":29,"column":7}},"5":{"start":{"line":14,"column":25},"end":{"line":14,"column":75}},"6":{"start":{"line":15,"column":8},"end":{"line":18,"column":9}},"7":{"start":{"line":16,"column":10},"end":{"line":16,"column":53}},"8":{"start":{"line":17,"column":10},"end":{"line":17,"column":17}},"9":{"start":{"line":19,"column":23},"end":{"line":19,"column":65}},"10":{"start":{"line":20,"column":8},"end":{"line":23,"column":11}},"11":{"start":{"line":25,"column":8},"end":{"line":25,"column":59}},"12":{"start":{"line":26,"column":8},"end":{"line":26,"column":50}},"13":{"start":{"line":28,"column":8},"end":{"line":28,"column":26}},"14":{"start":{"line":31,"column":4},"end":{"line":31,"column":22}},"15":{"start":{"line":34,"column":2},"end":{"line":34,"column":31}}},"fnMap":{"0":{"name":"useUserLocation","decl":{"start":{"line":7,"column":24},"end":{"line":7,"column":39}},"loc":{"start":{"line":7,"column":42},"end":{"line":35,"column":1}},"line":7},"1":{"name":"(anonymous_1)","decl":{"start":{"line":11,"column":12},"end":{"line":11,"column":13}},"loc":{"start":{"line":11,"column":18},"end":{"line":32,"column":3}},"line":11},"2":{"name":"(anonymous_2)","decl":{"start":{"line":12,"column":28},"end":{"line":12,"column":29}},"loc":{"start":{"line":12,"column":40},"end":{"line":30,"column":5}},"line":12}},"branchMap":{"0":{"loc":{"start":{"line":15,"column":8},"end":{"line":18,"column":9}},"type":"if","locations":[{"start":{"line":15,"column":8},"end":{"line":18,"column":9}},{"start":{},"end":{}}],"line":15}},"s":{"0":14,"1":14,"2":14,"3":7,"4":7,"5":7,"6":1,"7":0,"8":0,"9":1,"10":1,"11":6,"12":6,"13":7,"14":7,"15":14},"f":{"0":14,"1":7,"2":7},"b":{"0":[0,1]},"_coverageSchema":"1a1c01bbd47fc00a2c39e90264f33305004495a9","hash":"16991b126eb61a83bf3c53d663eb6625b7ea7771"}
,"C:\\Users\\heidi\\OhjelmistoProjekti2\\FrontEnd\\WeatherApp\\hooks\\useWeather.js": {"path":"C:\\Users\\heidi\\OhjelmistoProjekti2\\FrontEnd\\WeatherApp\\hooks\\useWeather.js","statementMap":{"0":{"start":{"line":7,"column":32},"end":{"line":7,"column":44}},"1":{"start":{"line":9,"column":2},"end":{"line":28,"column":17}},"2":{"start":{"line":10,"column":4},"end":{"line":10,"column":60}},"3":{"start":{"line":10,"column":53},"end":{"line":10,"column":60}},"4":{"start":{"line":12,"column":23},"end":{"line":26,"column":5}},"5":{"start":{"line":13,"column":6},"end":{"line":25,"column":7}},"6":{"start":{"line":14,"column":21},"end":{"line":14,"column":64}},"7":{"start":{"line":15,"column":8},"end":{"line":21,"column":9}},"8":{"start":{"line":16,"column":10},"end":{"line":16,"column":27}},"9":{"start":{"line":17,"column":10},"end":{"line":17,"column":28}},"10":{"start":{"line":19,"column":10},"end":{"line":19,"column":50}},"11":{"start":{"line":20,"column":10},"end":{"line":20,"column":27}},"12":{"start":{"line":23,"column":8},"end":{"line":23,"column":58}},"13":{"start":{"line":24,"column":8},"end":{"line":24,"column":25}},"14":{"start":{"line":27,"column":4},"end":{"line":27,"column":17}},"15":{"start":{"line":30,"column":2},"end":{"line":30,"column":21}}},"fnMap":{"0":{"name":"useWeather","decl":{"start":{"line":6,"column":24},"end":{"line":6,"column":34}},"loc":{"start":{"line":6,"column":45},"end":{"line":31,"column":1}},"line":6},"1":{"name":"(anonymous_1)","decl":{"start":{"line":9,"column":12},"end":{"line":9,"column":13}},"loc":{"start":{"line":9,"column":18},"end":{"line":28,"column":3}},"line":9},"2":{"name":"(anonymous_2)","decl":{"start":{"line":12,"column":23},"end":{"line":12,"column":24}},"loc":{"start":{"line":12,"column":35},"end":{"line":26,"column":5}},"line":12}},"branchMap":{"0":{"loc":{"start":{"line":10,"column":4},"end":{"line":10,"column":60}},"type":"if","locations":[{"start":{"line":10,"column":4},"end":{"line":10,"column":60}},{"start":{},"end":{}}],"line":10},"1":{"loc":{"start":{"line":10,"column":8},"end":{"line":10,"column":51}},"type":"binary-expr","locations":[{"start":{"line":10,"column":8},"end":{"line":10,"column":27}},{"start":{"line":10,"column":31},"end":{"line":10,"column":51}}],"line":10},"2":{"loc":{"start":{"line":15,"column":8},"end":{"line":21,"column":9}},"type":"if","locations":[{"start":{"line":15,"column":8},"end":{"line":21,"column":9}},{"start":{"line":18,"column":15},"end":{"line":21,"column":9}}],"line":15}},"s":{"0":10,"1":10,"2":5,"3":4,"4":1,"5":1,"6":1,"7":1,"8":1,"9":1,"10":0,"11":0,"12":0,"13":0,"14":1,"15":10},"f":{"0":10,"1":5,"2":1},"b":{"0":[4,1],"1":[5,1],"2":[1,0]},"_coverageSchema":"1a1c01bbd47fc00a2c39e90264f33305004495a9","hash":"064b1ef5baff8c7834df8d05d6bccb4e4fea32af"}
,"C:\\Users\\heidi\\OhjelmistoProjekti2\\FrontEnd\\WeatherApp\\navigation\\TabNavigator.js": {"path":"C:\\Users\\heidi\\OhjelmistoProjekti2\\FrontEnd\\WeatherApp\\navigation\\TabNavigator.js","statementMap":{"0":{"start":{"line":10,"column":12},"end":{"line":10,"column":38}},"1":{"start":{"line":13,"column":16},"end":{"line":13,"column":26}},"2":{"start":{"line":15,"column":2},"end":{"line":104,"column":4}},"3":{"start":{"line":21,"column":8},"end":{"line":42,"column":10}},"4":{"start":{"line":25,"column":12},"end":{"line":28,"column":15}},"5":{"start":{"line":31,"column":32},"end":{"line":31,"column":54}},"6":{"start":{"line":32,"column":12},"end":{"line":34,"column":13}},"7":{"start":{"line":33,"column":14},"end":{"line":33,"column":63}},"8":{"start":{"line":36,"column":12},"end":{"line":36,"column":24}},"9":{"start":{"line":39,"column":32},"end":{"line":39,"column":54}},"10":{"start":{"line":40,"column":12},"end":{"line":40,"column":39}},"11":{"start":{"line":51,"column":12},"end":{"line":59,"column":14}},"12":{"start":{"line":70,"column":12},"end":{"line":78,"column":14}},"13":{"start":{"line":90,"column":12},"end":{"line":98,"column":14}}},"fnMap":{"0":{"name":"TabNavigator","decl":{"start":{"line":12,"column":24},"end":{"line":12,"column":36}},"loc":{"start":{"line":12,"column":39},"end":{"line":105,"column":1}},"line":12},"1":{"name":"(anonymous_1)","decl":{"start":{"line":20,"column":14},"end":{"line":20,"column":15}},"loc":{"start":{"line":21,"column":8},"end":{"line":42,"column":10}},"line":21},"2":{"name":"(anonymous_2)","decl":{"start":{"line":24,"column":22},"end":{"line":24,"column":23}},"loc":{"start":{"line":24,"column":37},"end":{"line":29,"column":11}},"line":24},"3":{"name":"(anonymous_3)","decl":{"start":{"line":30,"column":22},"end":{"line":30,"column":23}},"loc":{"start":{"line":30,"column":46},"end":{"line":37,"column":11}},"line":30},"4":{"name":"(anonymous_4)","decl":{"start":{"line":38,"column":24},"end":{"line":38,"column":25}},"loc":{"start":{"line":38,"column":39},"end":{"line":41,"column":11}},"line":38},"5":{"name":"(anonymous_5)","decl":{"start":{"line":50,"column":22},"end":{"line":50,"column":23}},"loc":{"start":{"line":50,"column":45},"end":{"line":60,"column":11}},"line":50},"6":{"name":"(anonymous_6)","decl":{"start":{"line":69,"column":22},"end":{"line":69,"column":23}},"loc":{"start":{"line":69,"column":45},"end":{"line":79,"column":11}},"line":69},"7":{"name":"(anonymous_7)","decl":{"start":{"line":89,"column":22},"end":{"line":89,"column":23}},"loc":{"start":{"line":89,"column":45},"end":{"line":99,"column":11}},"line":89}},"branchMap":{"0":{"loc":{"start":{"line":32,"column":12},"end":{"line":34,"column":13}},"type":"if","locations":[{"start":{"line":32,"column":12},"end":{"line":34,"column":13}},{"start":{},"end":{}}],"line":32},"1":{"loc":{"start":{"line":53,"column":22},"end":{"line":53,"column":57}},"type":"cond-expr","locations":[{"start":{"line":53,"column":32},"end":{"line":53,"column":39}},{"start":{"line":53,"column":42},"end":{"line":53,"column":57}}],"line":53},"2":{"loc":{"start":{"line":56,"column":18},"end":{"line":56,"column":80}},"type":"cond-expr","locations":[{"start":{"line":56,"column":28},"end":{"line":56,"column":48}},{"start":{"line":56,"column":51},"end":{"line":56,"column":80}}],"line":56},"3":{"loc":{"start":{"line":72,"column":22},"end":{"line":72,"column":53}},"type":"cond-expr","locations":[{"start":{"line":72,"column":32},"end":{"line":72,"column":37}},{"start":{"line":72,"column":40},"end":{"line":72,"column":53}}],"line":72},"4":{"loc":{"start":{"line":75,"column":18},"end":{"line":75,"column":80}},"type":"cond-expr","locations":[{"start":{"line":75,"column":28},"end":{"line":75,"column":48}},{"start":{"line":75,"column":51},"end":{"line":75,"column":80}}],"line":75},"5":{"loc":{"start":{"line":92,"column":22},"end":{"line":92,"column":57}},"type":"cond-expr","locations":[{"start":{"line":92,"column":32},"end":{"line":92,"column":39}},{"start":{"line":92,"column":42},"end":{"line":92,"column":57}}],"line":92},"6":{"loc":{"start":{"line":95,"column":18},"end":{"line":95,"column":80}},"type":"cond-expr","locations":[{"start":{"line":95,"column":28},"end":{"line":95,"column":48}},{"start":{"line":95,"column":51},"end":{"line":95,"column":80}}],"line":95}},"s":{"0":0,"1":0,"2":0,"3":0,"4":0,"5":0,"6":0,"7":0,"8":0,"9":0,"10":0,"11":0,"12":0,"13":0},"f":{"0":0,"1":0,"2":0,"3":0,"4":0,"5":0,"6":0,"7":0},"b":{"0":[0,0],"1":[0,0],"2":[0,0],"3":[0,0],"4":[0,0],"5":[0,0],"6":[0,0]}}
,"C:\\Users\\heidi\\OhjelmistoProjekti2\\FrontEnd\\WeatherApp\\screens\\FavoritesScreen.js": {"path":"C:\\Users\\heidi\\OhjelmistoProjekti2\\FrontEnd\\WeatherApp\\screens\\FavoritesScreen.js","statementMap":{"0":{"start":{"line":7,"column":2},"end":{"line":14,"column":4}},"1":{"start":{"line":17,"column":15},"end":{"line":31,"column":2}}},"fnMap":{"0":{"name":"FavoritesScreen","decl":{"start":{"line":6,"column":24},"end":{"line":6,"column":39}},"loc":{"start":{"line":6,"column":42},"end":{"line":15,"column":1}},"line":6}},"branchMap":{},"s":{"0":1,"1":1},"f":{"0":1},"b":{},"_coverageSchema":"1a1c01bbd47fc00a2c39e90264f33305004495a9","hash":"2e52ef082af57ce94e3f72b9097e3b11c3172c5d"}
,"C:\\Users\\heidi\\OhjelmistoProjekti2\\FrontEnd\\WeatherApp\\screens\\IndexScreen.js": {"path":"C:\\Users\\heidi\\OhjelmistoProjekti2\\FrontEnd\\WeatherApp\\screens\\IndexScreen.js","statementMap":{"0":{"start":{"line":7,"column":2},"end":{"line":14,"column":4}},"1":{"start":{"line":17,"column":15},"end":{"line":31,"column":2}}},"fnMap":{"0":{"name":"IndexScreen","decl":{"start":{"line":6,"column":24},"end":{"line":6,"column":35}},"loc":{"start":{"line":6,"column":38},"end":{"line":15,"column":1}},"line":6}},"branchMap":{},"s":{"0":2,"1":1},"f":{"0":2},"b":{},"_coverageSchema":"1a1c01bbd47fc00a2c39e90264f33305004495a9","hash":"3110261b54d8b78fafcb35f0b7aa5262634e5d6b"}
,"C:\\Users\\heidi\\OhjelmistoProjekti2\\FrontEnd\\WeatherApp\\screens\\MapScreen.js": {"path":"C:\\Users\\heidi\\OhjelmistoProjekti2\\FrontEnd\\WeatherApp\\screens\\MapScreen.js","statementMap":{"0":{"start":{"line":6,"column":2},"end":{"line":10,"column":4}},"1":{"start":{"line":13,"column":15},"end":{"line":17,"column":2}}},"fnMap":{"0":{"name":"Map","decl":{"start":{"line":5,"column":24},"end":{"line":5,"column":27}},"loc":{"start":{"line":5,"column":30},"end":{"line":11,"column":1}},"line":5}},"branchMap":{},"s":{"0":0,"1":1},"f":{"0":0},"b":{},"_coverageSchema":"1a1c01bbd47fc00a2c39e90264f33305004495a9","hash":"cdbea4ab7f471cb9bcf1828ac7773b942ca31c92"}
}
