{"C:\\Users\\heidi\\OhjelmistoProjekti2\\FrontEnd\\WeatherApp\\App.js": {"path":"C:\\Users\\heidi\\OhjelmistoProjekti2\\FrontEnd\\WeatherApp\\App.js","statementMap":{"0":{"start":{"line":6,"column":2},"end":{"line":12,"column":4}},"1":{"start":{"line":15,"column":14},"end":{"line":61,"column":1}}},"fnMap":{"0":{"name":"App","decl":{"start":{"line":5,"column":24},"end":{"line":5,"column":27}},"loc":{"start":{"line":5,"column":30},"end":{"line":13,"column":1}},"line":5}},"branchMap":{},"s":{"0":0,"1":0},"f":{"0":0},"b":{}}
,"C:\\Users\\heidi\\OhjelmistoProjekti2\\FrontEnd\\WeatherApp\\api.js": {"path":"C:\\Users\\heidi\\OhjelmistoProjekti2\\FrontEnd\\WeatherApp\\api.js","statementMap":{"0":{"start":{"line":6,"column":4},"end":{"line":12,"column":11}},"1":{"start":{"line":8,"column":12},"end":{"line":9,"column":87}},"2":{"start":{"line":9,"column":16},"end":{"line":9,"column":87}},"3":{"start":{"line":11,"column":12},"end":{"line":11,"column":35}},"4":{"start":{"line":16,"column":4},"end":{"line":23,"column":10}},"5":{"start":{"line":18,"column":12},"end":{"line":21,"column":13}},"6":{"start":{"line":19,"column":16},"end":{"line":19,"column":46}},"7":{"start":{"line":20,"column":16},"end":{"line":20,"column":91}},"8":{"start":{"line":22,"column":12},"end":{"line":22,"column":35}},"9":{"start":{"line":28,"column":4},"end":{"line":34,"column":10}},"10":{"start":{"line":30,"column":12},"end":{"line":31,"column":96}},"11":{"start":{"line":31,"column":16},"end":{"line":31,"column":96}},"12":{"start":{"line":33,"column":12},"end":{"line":33,"column":35}},"13":{"start":{"line":39,"column":4},"end":{"line":45,"column":10}},"14":{"start":{"line":41,"column":12},"end":{"line":42,"column":86}},"15":{"start":{"line":42,"column":16},"end":{"line":42,"column":86}},"16":{"start":{"line":44,"column":12},"end":{"line":44,"column":35}},"17":{"start":{"line":50,"column":4},"end":{"line":50,"column":83}}},"fnMap":{"0":{"name":"getCurrentWeatherInLocation","decl":{"start":{"line":5,"column":16},"end":{"line":5,"column":43}},"loc":{"start":{"line":5,"column":54},"end":{"line":13,"column":1}},"line":5},"1":{"name":"(anonymous_1)","decl":{"start":{"line":7,"column":14},"end":{"line":7,"column":15}},"loc":{"start":{"line":7,"column":26},"end":{"line":12,"column":9}},"line":7},"2":{"name":"getCityCoords","decl":{"start":{"line":15,"column":16},"end":{"line":15,"column":29}},"loc":{"start":{"line":15,"column":36},"end":{"line":24,"column":1}},"line":15},"3":{"name":"(anonymous_3)","decl":{"start":{"line":17,"column":14},"end":{"line":17,"column":15}},"loc":{"start":{"line":17,"column":26},"end":{"line":23,"column":9}},"line":17},"4":{"name":"getForecastForFiveDays","decl":{"start":{"line":27,"column":16},"end":{"line":27,"column":38}},"loc":{"start":{"line":27,"column":49},"end":{"line":35,"column":1}},"line":27},"5":{"name":"(anonymous_5)","decl":{"start":{"line":29,"column":14},"end":{"line":29,"column":15}},"loc":{"start":{"line":29,"column":26},"end":{"line":34,"column":9}},"line":29},"6":{"name":"getLongTermForecast","decl":{"start":{"line":38,"column":16},"end":{"line":38,"column":35}},"loc":{"start":{"line":38,"column":46},"end":{"line":46,"column":1}},"line":38},"7":{"name":"(anonymous_7)","decl":{"start":{"line":40,"column":14},"end":{"line":40,"column":15}},"loc":{"start":{"line":40,"column":26},"end":{"line":45,"column":9}},"line":40},"8":{"name":"getLayerTiles","decl":{"start":{"line":49,"column":16},"end":{"line":49,"column":29}},"loc":{"start":{"line":49,"column":37},"end":{"line":51,"column":1}},"line":49}},"branchMap":{"0":{"loc":{"start":{"line":8,"column":12},"end":{"line":9,"column":87}},"type":"if","locations":[{"start":{"line":8,"column":12},"end":{"line":9,"column":87}},{"start":{},"end":{}}],"line":8},"1":{"loc":{"start":{"line":18,"column":12},"end":{"line":21,"column":13}},"type":"if","locations":[{"start":{"line":18,"column":12},"end":{"line":21,"column":13}},{"start":{},"end":{}}],"line":18},"2":{"loc":{"start":{"line":30,"column":12},"end":{"line":31,"column":96}},"type":"if","locations":[{"start":{"line":30,"column":12},"end":{"line":31,"column":96}},{"start":{},"end":{}}],"line":30},"3":{"loc":{"start":{"line":41,"column":12},"end":{"line":42,"column":86}},"type":"if","locations":[{"start":{"line":41,"column":12},"end":{"line":42,"column":86}},{"start":{},"end":{}}],"line":41}},"s":{"0":0,"1":0,"2":0,"3":0,"4":0,"5":0,"6":0,"7":0,"8":0,"9":0,"10":0,"11":0,"12":0,"13":0,"14":0,"15":0,"16":0,"17":0},"f":{"0":0,"1":0,"2":0,"3":0,"4":0,"5":0,"6":0,"7":0,"8":0},"b":{"0":[0,0],"1":[0,0],"2":[0,0],"3":[0,0]},"_coverageSchema":"1a1c01bbd47fc00a2c39e90264f33305004495a9","hash":"ee7dcdcba01e1b99c6128754c98e87b445bcf65b"}
,"C:\\Users\\heidi\\OhjelmistoProjekti2\\FrontEnd\\WeatherApp\\index.js": {"path":"C:\\Users\\heidi\\OhjelmistoProjekti2\\FrontEnd\\WeatherApp\\index.js","statementMap":{"0":{"start":{"line":8,"column":0},"end":{"line":8,"column":27}}},"fnMap":{},"branchMap":{},"s":{"0":0},"f":{},"b":{}}
,"C:\\Users\\heidi\\OhjelmistoProjekti2\\FrontEnd\\WeatherApp\\components\\date\\DateService.js": {"path":"C:\\Users\\heidi\\OhjelmistoProjekti2\\FrontEnd\\WeatherApp\\components\\date\\DateService.js","statementMap":{"0":{"start":{"line":3,"column":24},"end":{"line":3,"column":34}},"1":{"start":{"line":5,"column":4},"end":{"line":9,"column":5}},"2":{"start":{"line":6,"column":8},"end":{"line":6,"column":101}},"3":{"start":{"line":8,"column":8},"end":{"line":8,"column":52}},"4":{"start":{"line":14,"column":24},"end":{"line":14,"column":34}},"5":{"start":{"line":15,"column":18},"end":{"line":15,"column":40}},"6":{"start":{"line":17,"column":4},"end":{"line":27,"column":5}},"7":{"start":{"line":18,"column":8},"end":{"line":24,"column":9}},"8":{"start":{"line":19,"column":12},"end":{"line":19,"column":54}},"9":{"start":{"line":20,"column":15},"end":{"line":24,"column":9}},"10":{"start":{"line":21,"column":12},"end":{"line":21,"column":55}},"11":{"start":{"line":23,"column":12},"end":{"line":23,"column":54}},"12":{"start":{"line":26,"column":8},"end":{"line":26,"column":53}},"13":{"start":{"line":32,"column":24},"end":{"line":32,"column":34}},"14":{"start":{"line":33,"column":18},"end":{"line":33,"column":40}},"15":{"start":{"line":35,"column":4},"end":{"line":45,"column":5}},"16":{"start":{"line":36,"column":8},"end":{"line":42,"column":9}},"17":{"start":{"line":37,"column":12},"end":{"line":37,"column":55}},"18":{"start":{"line":38,"column":15},"end":{"line":42,"column":9}},"19":{"start":{"line":39,"column":12},"end":{"line":39,"column":44}},"20":{"start":{"line":41,"column":12},"end":{"line":41,"column":66}},"21":{"start":{"line":44,"column":8},"end":{"line":44,"column":53}}},"fnMap":{"0":{"name":"getCurrentDate","decl":{"start":{"line":2,"column":16},"end":{"line":2,"column":30}},"loc":{"start":{"line":2,"column":33},"end":{"line":10,"column":1}},"line":2},"1":{"name":"setImageByTime","decl":{"start":{"line":13,"column":16},"end":{"line":13,"column":30}},"loc":{"start":{"line":13,"column":33},"end":{"line":28,"column":1}},"line":13},"2":{"name":"setThemeByTime","decl":{"start":{"line":31,"column":16},"end":{"line":31,"column":30}},"loc":{"start":{"line":31,"column":33},"end":{"line":46,"column":1}},"line":31}},"branchMap":{"0":{"loc":{"start":{"line":18,"column":8},"end":{"line":24,"column":9}},"type":"if","locations":[{"start":{"line":18,"column":8},"end":{"line":24,"column":9}},{"start":{"line":20,"column":15},"end":{"line":24,"column":9}}],"line":18},"1":{"loc":{"start":{"line":18,"column":12},"end":{"line":18,"column":37}},"type":"binary-expr","locations":[{"start":{"line":18,"column":12},"end":{"line":18,"column":23}},{"start":{"line":18,"column":27},"end":{"line":18,"column":37}}],"line":18},"2":{"loc":{"start":{"line":20,"column":15},"end":{"line":24,"column":9}},"type":"if","locations":[{"start":{"line":20,"column":15},"end":{"line":24,"column":9}},{"start":{"line":22,"column":15},"end":{"line":24,"column":9}}],"line":20},"3":{"loc":{"start":{"line":20,"column":19},"end":{"line":20,"column":43}},"type":"binary-expr","locations":[{"start":{"line":20,"column":19},"end":{"line":20,"column":29}},{"start":{"line":20,"column":33},"end":{"line":20,"column":43}}],"line":20},"4":{"loc":{"start":{"line":36,"column":8},"end":{"line":42,"column":9}},"type":"if","locations":[{"start":{"line":36,"column":8},"end":{"line":42,"column":9}},{"start":{"line":38,"column":15},"end":{"line":42,"column":9}}],"line":36},"5":{"loc":{"start":{"line":36,"column":12},"end":{"line":36,"column":37}},"type":"binary-expr","locations":[{"start":{"line":36,"column":12},"end":{"line":36,"column":23}},{"start":{"line":36,"column":27},"end":{"line":36,"column":37}}],"line":36},"6":{"loc":{"start":{"line":38,"column":15},"end":{"line":42,"column":9}},"type":"if","locations":[{"start":{"line":38,"column":15},"end":{"line":42,"column":9}},{"start":{"line":40,"column":15},"end":{"line":42,"column":9}}],"line":38},"7":{"loc":{"start":{"line":38,"column":19},"end":{"line":38,"column":43}},"type":"binary-expr","locations":[{"start":{"line":38,"column":19},"end":{"line":38,"column":29}},{"start":{"line":38,"column":33},"end":{"line":38,"column":43}}],"line":38}},"s":{"0":2,"1":2,"2":2,"3":0,"4":2,"5":2,"6":2,"7":2,"8":2,"9":0,"10":0,"11":0,"12":0,"13":2,"14":2,"15":2,"16":2,"17":2,"18":0,"19":0,"20":0,"21":0},"f":{"0":2,"1":2,"2":2},"b":{"0":[2,0],"1":[2,0],"2":[0,0],"3":[0,0],"4":[2,0],"5":[2,0],"6":[0,0],"7":[0,0]},"_coverageSchema":"1a1c01bbd47fc00a2c39e90264f33305004495a9","hash":"22d74ee331b1bed1840fede9ed50c4d1ecae0b9b"}
,"C:\\Users\\heidi\\OhjelmistoProjekti2\\FrontEnd\\WeatherApp\\components\\map\\MapDefaultView.js": {"path":"C:\\Users\\heidi\\OhjelmistoProjekti2\\FrontEnd\\WeatherApp\\components\\map\\MapDefaultView.js","statementMap":{"0":{"start":{"line":9,"column":36},"end":{"line":14,"column":4}},"1":{"start":{"line":16,"column":37},"end":{"line":16,"column":54}},"2":{"start":{"line":18,"column":56},"end":{"line":18,"column":71}},"3":{"start":{"line":19,"column":42},"end":{"line":19,"column":57}},"4":{"start":{"line":20,"column":40},"end":{"line":20,"column":55}},"5":{"start":{"line":21,"column":40},"end":{"line":21,"column":55}},"6":{"start":{"line":22,"column":40},"end":{"line":22,"column":55}},"7":{"start":{"line":23,"column":42},"end":{"line":23,"column":57}},"8":{"start":{"line":24,"column":32},"end":{"line":24,"column":47}},"9":{"start":{"line":26,"column":31},"end":{"line":26,"column":43}},"10":{"start":{"line":28,"column":30},"end":{"line":44,"column":3}},"11":{"start":{"line":29,"column":4},"end":{"line":43,"column":5}},"12":{"start":{"line":30,"column":6},"end":{"line":30,"column":35}},"13":{"start":{"line":31,"column":6},"end":{"line":42,"column":7}},"14":{"start":{"line":32,"column":8},"end":{"line":37,"column":11}},"15":{"start":{"line":39,"column":8},"end":{"line":39,"column":38}},"16":{"start":{"line":41,"column":8},"end":{"line":41,"column":38}},"17":{"start":{"line":46,"column":19},"end":{"line":60,"column":3}},"18":{"start":{"line":47,"column":4},"end":{"line":47,"column":26}},"19":{"start":{"line":48,"column":4},"end":{"line":59,"column":5}},"20":{"start":{"line":49,"column":6},"end":{"line":54,"column":9}},"21":{"start":{"line":56,"column":6},"end":{"line":56,"column":36}},"22":{"start":{"line":58,"column":6},"end":{"line":58,"column":29}},"23":{"start":{"line":62,"column":29},"end":{"line":76,"column":3}},"24":{"start":{"line":63,"column":4},"end":{"line":65,"column":5}},"25":{"start":{"line":64,"column":6},"end":{"line":64,"column":49}},"26":{"start":{"line":67,"column":4},"end":{"line":75,"column":13}},"27":{"start":{"line":68,"column":6},"end":{"line":74,"column":9}},"28":{"start":{"line":70,"column":10},"end":{"line":71,"column":68}},"29":{"start":{"line":73,"column":8},"end":{"line":73,"column":50}},"30":{"start":{"line":77,"column":2},"end":{"line":137,"column":4}},"31":{"start":{"line":128,"column":98},"end":{"line":128,"column":126}},"32":{"start":{"line":129,"column":98},"end":{"line":129,"column":126}},"33":{"start":{"line":130,"column":96},"end":{"line":130,"column":124}},"34":{"start":{"line":131,"column":104},"end":{"line":131,"column":134}},"35":{"start":{"line":133,"column":37},"end":{"line":133,"column":53}},"36":{"start":{"line":140,"column":15},"end":{"line":175,"column":2}}},"fnMap":{"0":{"name":"MapDefaultView","decl":{"start":{"line":8,"column":24},"end":{"line":8,"column":38}},"loc":{"start":{"line":8,"column":41},"end":{"line":138,"column":1}},"line":8},"1":{"name":"(anonymous_1)","decl":{"start":{"line":28,"column":30},"end":{"line":28,"column":31}},"loc":{"start":{"line":28,"column":36},"end":{"line":44,"column":3}},"line":28},"2":{"name":"(anonymous_2)","decl":{"start":{"line":46,"column":19},"end":{"line":46,"column":20}},"loc":{"start":{"line":46,"column":25},"end":{"line":60,"column":3}},"line":46},"3":{"name":"(anonymous_3)","decl":{"start":{"line":62,"column":29},"end":{"line":62,"column":30}},"loc":{"start":{"line":62,"column":41},"end":{"line":76,"column":3}},"line":62},"4":{"name":"(anonymous_4)","decl":{"start":{"line":67,"column":46},"end":{"line":67,"column":47}},"loc":{"start":{"line":67,"column":52},"end":{"line":75,"column":5}},"line":67},"5":{"name":"(anonymous_5)","decl":{"start":{"line":68,"column":19},"end":{"line":68,"column":20}},"loc":{"start":{"line":68,"column":35},"end":{"line":74,"column":7}},"line":68},"6":{"name":"(anonymous_6)","decl":{"start":{"line":128,"column":92},"end":{"line":128,"column":93}},"loc":{"start":{"line":128,"column":98},"end":{"line":128,"column":126}},"line":128},"7":{"name":"(anonymous_7)","decl":{"start":{"line":129,"column":92},"end":{"line":129,"column":93}},"loc":{"start":{"line":129,"column":98},"end":{"line":129,"column":126}},"line":129},"8":{"name":"(anonymous_8)","decl":{"start":{"line":130,"column":90},"end":{"line":130,"column":91}},"loc":{"start":{"line":130,"column":96},"end":{"line":130,"column":124}},"line":130},"9":{"name":"(anonymous_9)","decl":{"start":{"line":131,"column":98},"end":{"line":131,"column":99}},"loc":{"start":{"line":131,"column":104},"end":{"line":131,"column":134}},"line":131},"10":{"name":"(anonymous_10)","decl":{"start":{"line":133,"column":23},"end":{"line":133,"column":24}},"loc":{"start":{"line":133,"column":37},"end":{"line":133,"column":53}},"line":133}},"branchMap":{"0":{"loc":{"start":{"line":29,"column":4},"end":{"line":43,"column":5}},"type":"if","locations":[{"start":{"line":29,"column":4},"end":{"line":43,"column":5}},{"start":{},"end":{}}],"line":29},"1":{"loc":{"start":{"line":63,"column":4},"end":{"line":65,"column":5}},"type":"if","locations":[{"start":{"line":63,"column":4},"end":{"line":65,"column":5}},{"start":{},"end":{}}],"line":63},"2":{"loc":{"start":{"line":70,"column":10},"end":{"line":71,"column":68}},"type":"binary-expr","locations":[{"start":{"line":70,"column":10},"end":{"line":70,"column":66}},{"start":{"line":71,"column":10},"end":{"line":71,"column":68}}],"line":70},"3":{"loc":{"start":{"line":73,"column":15},"end":{"line":73,"column":49}},"type":"cond-expr","locations":[{"start":{"line":73,"column":30},"end":{"line":73,"column":40}},{"start":{"line":73,"column":43},"end":{"line":73,"column":49}}],"line":73},"4":{"loc":{"start":{"line":88,"column":9},"end":{"line":94,"column":9}},"type":"binary-expr","locations":[{"start":{"line":88,"column":9},"end":{"line":88,"column":20}},{"start":{"line":89,"column":10},"end":{"line":93,"column":12}}],"line":88},"5":{"loc":{"start":{"line":95,"column":9},"end":{"line":101,"column":9}},"type":"binary-expr","locations":[{"start":{"line":95,"column":9},"end":{"line":95,"column":20}},{"start":{"line":96,"column":10},"end":{"line":100,"column":12}}],"line":95},"6":{"loc":{"start":{"line":102,"column":9},"end":{"line":108,"column":9}},"type":"binary-expr","locations":[{"start":{"line":102,"column":9},"end":{"line":102,"column":20}},{"start":{"line":103,"column":10},"end":{"line":107,"column":12}}],"line":102},"7":{"loc":{"start":{"line":109,"column":9},"end":{"line":115,"column":9}},"type":"binary-expr","locations":[{"start":{"line":109,"column":9},"end":{"line":109,"column":21}},{"start":{"line":110,"column":10},"end":{"line":114,"column":12}}],"line":109},"8":{"loc":{"start":{"line":122,"column":14},"end":{"line":122,"column":40}},"type":"cond-expr","locations":[{"start":{"line":122,"column":24},"end":{"line":122,"column":31}},{"start":{"line":122,"column":34},"end":{"line":122,"column":40}}],"line":122},"9":{"loc":{"start":{"line":128,"column":42},"end":{"line":128,"column":81}},"type":"cond-expr","locations":[{"start":{"line":128,"column":56},"end":{"line":128,"column":67}},{"start":{"line":128,"column":70},"end":{"line":128,"column":81}}],"line":128},"10":{"loc":{"start":{"line":129,"column":42},"end":{"line":129,"column":81}},"type":"cond-expr","locations":[{"start":{"line":129,"column":56},"end":{"line":129,"column":67}},{"start":{"line":129,"column":70},"end":{"line":129,"column":81}}],"line":129},"11":{"loc":{"start":{"line":130,"column":40},"end":{"line":130,"column":79}},"type":"cond-expr","locations":[{"start":{"line":130,"column":54},"end":{"line":130,"column":65}},{"start":{"line":130,"column":68},"end":{"line":130,"column":79}}],"line":130},"12":{"loc":{"start":{"line":131,"column":43},"end":{"line":131,"column":87}},"type":"cond-expr","locations":[{"start":{"line":131,"column":58},"end":{"line":131,"column":71}},{"start":{"line":131,"column":74},"end":{"line":131,"column":87}}],"line":131}},"s":{"0":0,"1":0,"2":0,"3":0,"4":0,"5":0,"6":0,"7":0,"8":0,"9":0,"10":0,"11":0,"12":0,"13":0,"14":0,"15":0,"16":0,"17":0,"18":0,"19":0,"20":0,"21":0,"22":0,"23":0,"24":0,"25":0,"26":0,"27":0,"28":0,"29":0,"30":0,"31":0,"32":0,"33":0,"34":0,"35":0,"36":0},"f":{"0":0,"1":0,"2":0,"3":0,"4":0,"5":0,"6":0,"7":0,"8":0,"9":0,"10":0},"b":{"0":[0,0],"1":[0,0],"2":[0,0],"3":[0,0],"4":[0,0],"5":[0,0],"6":[0,0],"7":[0,0],"8":[0,0],"9":[0,0],"10":[0,0],"11":[0,0],"12":[0,0]}}
,"C:\\Users\\heidi\\OhjelmistoProjekti2\\FrontEnd\\WeatherApp\\components\\weather\\WeatherIndex.js": {"path":"C:\\Users\\heidi\\OhjelmistoProjekti2\\FrontEnd\\WeatherApp\\components\\weather\\WeatherIndex.js","statementMap":{"0":{"start":{"line":15,"column":46},"end":{"line":15,"column":63}},"1":{"start":{"line":16,"column":41},"end":{"line":16,"column":56}},"2":{"start":{"line":18,"column":40},"end":{"line":18,"column":52}},"3":{"start":{"line":19,"column":26},"end":{"line":19,"column":42}},"4":{"start":{"line":20,"column":44},"end":{"line":20,"column":59}},"5":{"start":{"line":22,"column":19},"end":{"line":22,"column":65}},"6":{"start":{"line":24,"column":22},"end":{"line":24,"column":42}},"7":{"start":{"line":26,"column":19},"end":{"line":26,"column":40}},"8":{"start":{"line":29,"column":23},"end":{"line":33,"column":3}},"9":{"start":{"line":30,"column":4},"end":{"line":30,"column":34}},"10":{"start":{"line":31,"column":4},"end":{"line":31,"column":21}},"11":{"start":{"line":32,"column":4},"end":{"line":32,"column":23}},"12":{"start":{"line":35,"column":2},"end":{"line":105,"column":4}},"13":{"start":{"line":59,"column":20},"end":{"line":59,"column":36}},"14":{"start":{"line":108,"column":15},"end":{"line":183,"column":2}}},"fnMap":{"0":{"name":"WeatherIndex","decl":{"start":{"line":13,"column":24},"end":{"line":13,"column":36}},"loc":{"start":{"line":13,"column":39},"end":{"line":106,"column":1}},"line":13},"1":{"name":"(anonymous_1)","decl":{"start":{"line":29,"column":23},"end":{"line":29,"column":24}},"loc":{"start":{"line":29,"column":35},"end":{"line":33,"column":3}},"line":29},"2":{"name":"(anonymous_2)","decl":{"start":{"line":58,"column":27},"end":{"line":58,"column":28}},"loc":{"start":{"line":58,"column":33},"end":{"line":60,"column":19}},"line":58}},"branchMap":{"0":{"loc":{"start":{"line":22,"column":19},"end":{"line":22,"column":65}},"type":"cond-expr","locations":[{"start":{"line":22,"column":36},"end":{"line":22,"column":48}},{"start":{"line":22,"column":51},"end":{"line":22,"column":65}}],"line":22},"1":{"loc":{"start":{"line":45,"column":17},"end":{"line":49,"column":19}},"type":"cond-expr","locations":[{"start":{"line":46,"column":18},"end":{"line":46,"column":91}},{"start":{"line":48,"column":18},"end":{"line":48,"column":93}}],"line":45},"2":{"loc":{"start":{"line":65,"column":13},"end":{"line":81,"column":13}},"type":"binary-expr","locations":[{"start":{"line":65,"column":13},"end":{"line":65,"column":26}},{"start":{"line":66,"column":14},"end":{"line":80,"column":21}}],"line":65},"3":{"loc":{"start":{"line":69,"column":19},"end":{"line":74,"column":26}},"type":"cond-expr","locations":[{"start":{"line":70,"column":20},"end":{"line":73,"column":22}},{"start":{"line":74,"column":22},"end":{"line":74,"column":26}}],"line":69}},"s":{"0":3,"1":2,"2":2,"3":2,"4":2,"5":2,"6":2,"7":2,"8":2,"9":0,"10":0,"11":0,"12":2,"13":0,"14":1},"f":{"0":3,"1":0,"2":0},"b":{"0":[2,0],"1":[0,2],"2":[2,0],"3":[0,0]},"_coverageSchema":"1a1c01bbd47fc00a2c39e90264f33305004495a9","hash":"356903b634a777325a2b42a7b322b2a18ef95357"}
,"C:\\Users\\heidi\\OhjelmistoProjekti2\\FrontEnd\\WeatherApp\\components\\weather\\forecast\\DataEdit.js": {"path":"C:\\Users\\heidi\\OhjelmistoProjekti2\\FrontEnd\\WeatherApp\\components\\weather\\forecast\\DataEdit.js","statementMap":{"0":{"start":{"line":2,"column":31},"end":{"line":11,"column":1}},"1":{"start":{"line":4,"column":4},"end":{"line":10,"column":8}},"2":{"start":{"line":4,"column":34},"end":{"line":10,"column":5}}},"fnMap":{"0":{"name":"(anonymous_0)","decl":{"start":{"line":2,"column":31},"end":{"line":2,"column":32}},"loc":{"start":{"line":2,"column":41},"end":{"line":11,"column":1}},"line":2},"1":{"name":"(anonymous_1)","decl":{"start":{"line":4,"column":25},"end":{"line":4,"column":26}},"loc":{"start":{"line":4,"column":34},"end":{"line":10,"column":5}},"line":4}},"branchMap":{},"s":{"0":1,"1":0,"2":0},"f":{"0":0,"1":0},"b":{},"_coverageSchema":"1a1c01bbd47fc00a2c39e90264f33305004495a9","hash":"550a35a80d6d0f0a88a7cef907307a40d1acc8f5"}
,"C:\\Users\\heidi\\OhjelmistoProjekti2\\FrontEnd\\WeatherApp\\components\\weather\\forecast\\Forecast.js": {"path":"C:\\Users\\heidi\\OhjelmistoProjekti2\\FrontEnd\\WeatherApp\\components\\weather\\forecast\\Forecast.js","statementMap":{"0":{"start":{"line":11,"column":30},"end":{"line":11,"column":43}},"1":{"start":{"line":13,"column":4},"end":{"line":33,"column":5}},"2":{"start":{"line":36,"column":15},"end":{"line":45,"column":2}}},"fnMap":{"0":{"name":"Forecast","decl":{"start":{"line":9,"column":24},"end":{"line":9,"column":32}},"loc":{"start":{"line":9,"column":47},"end":{"line":34,"column":1}},"line":9}},"branchMap":{"0":{"loc":{"start":{"line":31,"column":13},"end":{"line":31,"column":117}},"type":"cond-expr","locations":[{"start":{"line":31,"column":30},"end":{"line":31,"column":71}},{"start":{"line":31,"column":74},"end":{"line":31,"column":117}}],"line":31}},"s":{"0":2,"1":2,"2":1},"f":{"0":2},"b":{"0":[0,2]},"_coverageSchema":"1a1c01bbd47fc00a2c39e90264f33305004495a9","hash":"8c06ddf8ed6292db5551d4569888349809fa98ab"}
,"C:\\Users\\heidi\\OhjelmistoProjekti2\\FrontEnd\\WeatherApp\\components\\weather\\forecast\\ForecastFlatList16days.js": {"path":"C:\\Users\\heidi\\OhjelmistoProjekti2\\FrontEnd\\WeatherApp\\components\\weather\\forecast\\ForecastFlatList16days.js","statementMap":{"0":{"start":{"line":6,"column":4},"end":{"line":31,"column":5}},"1":{"start":{"line":12,"column":20},"end":{"line":27,"column":27}},"2":{"start":{"line":34,"column":15},"end":{"line":54,"column":2}}},"fnMap":{"0":{"name":"ForecastFlatList","decl":{"start":{"line":4,"column":24},"end":{"line":4,"column":40}},"loc":{"start":{"line":4,"column":55},"end":{"line":32,"column":1}},"line":4},"1":{"name":"(anonymous_1)","decl":{"start":{"line":11,"column":28},"end":{"line":11,"column":29}},"loc":{"start":{"line":12,"column":20},"end":{"line":27,"column":27}},"line":12}},"branchMap":{},"s":{"0":0,"1":0,"2":1},"f":{"0":0,"1":0},"b":{},"_coverageSchema":"1a1c01bbd47fc00a2c39e90264f33305004495a9","hash":"5a411b816ec4cdd295b34e191c0018685a26bae3"}
,"C:\\Users\\heidi\\OhjelmistoProjekti2\\FrontEnd\\WeatherApp\\components\\weather\\forecast\\ForecastFlatList5days.js": {"path":"C:\\Users\\heidi\\OhjelmistoProjekti2\\FrontEnd\\WeatherApp\\components\\weather\\forecast\\ForecastFlatList5days.js","statementMap":{"0":{"start":{"line":7,"column":44},"end":{"line":7,"column":58}},"1":{"start":{"line":8,"column":56},"end":{"line":8,"column":68}},"2":{"start":{"line":9,"column":18},"end":{"line":9,"column":28}},"3":{"start":{"line":11,"column":4},"end":{"line":16,"column":39}},"4":{"start":{"line":12,"column":8},"end":{"line":15,"column":9}},"5":{"start":{"line":13,"column":33},"end":{"line":13,"column":92}},"6":{"start":{"line":13,"column":65},"end":{"line":13,"column":91}},"7":{"start":{"line":14,"column":12},"end":{"line":14,"column":48}},"8":{"start":{"line":18,"column":24},"end":{"line":24,"column":5}},"9":{"start":{"line":19,"column":8},"end":{"line":23,"column":9}},"10":{"start":{"line":20,"column":12},"end":{"line":20,"column":34}},"11":{"start":{"line":22,"column":12},"end":{"line":22,"column":34}},"12":{"start":{"line":26,"column":23},"end":{"line":29,"column":5}},"13":{"start":{"line":27,"column":21},"end":{"line":27,"column":38}},"14":{"start":{"line":28,"column":8},"end":{"line":28,"column":59}},"15":{"start":{"line":31,"column":4},"end":{"line":82,"column":6}},"16":{"start":{"line":37,"column":16},"end":{"line":79,"column":23}},"17":{"start":{"line":38,"column":53},"end":{"line":38,"column":75}},"18":{"start":{"line":66,"column":32},"end":{"line":75,"column":39}},"19":{"start":{"line":85,"column":15},"end":{"line":125,"column":2}}},"fnMap":{"0":{"name":"ForecastFlatList5","decl":{"start":{"line":6,"column":24},"end":{"line":6,"column":41}},"loc":{"start":{"line":6,"column":77},"end":{"line":83,"column":1}},"line":6},"1":{"name":"(anonymous_1)","decl":{"start":{"line":11,"column":14},"end":{"line":11,"column":15}},"loc":{"start":{"line":11,"column":20},"end":{"line":16,"column":5}},"line":11},"2":{"name":"(anonymous_2)","decl":{"start":{"line":13,"column":55},"end":{"line":13,"column":56}},"loc":{"start":{"line":13,"column":65},"end":{"line":13,"column":91}},"line":13},"3":{"name":"(anonymous_3)","decl":{"start":{"line":18,"column":24},"end":{"line":18,"column":25}},"loc":{"start":{"line":18,"column":34},"end":{"line":24,"column":5}},"line":18},"4":{"name":"(anonymous_4)","decl":{"start":{"line":26,"column":23},"end":{"line":26,"column":24}},"loc":{"start":{"line":26,"column":36},"end":{"line":29,"column":5}},"line":26},"5":{"name":"(anonymous_5)","decl":{"start":{"line":36,"column":24},"end":{"line":36,"column":25}},"loc":{"start":{"line":37,"column":16},"end":{"line":79,"column":23}},"line":37},"6":{"name":"(anonymous_6)","decl":{"start":{"line":38,"column":47},"end":{"line":38,"column":48}},"loc":{"start":{"line":38,"column":53},"end":{"line":38,"column":75}},"line":38},"7":{"name":"(anonymous_7)","decl":{"start":{"line":65,"column":40},"end":{"line":65,"column":41}},"loc":{"start":{"line":66,"column":32},"end":{"line":75,"column":39}},"line":66}},"branchMap":{"0":{"loc":{"start":{"line":12,"column":8},"end":{"line":15,"column":9}},"type":"if","locations":[{"start":{"line":12,"column":8},"end":{"line":15,"column":9}},{"start":{},"end":{}}],"line":12},"1":{"loc":{"start":{"line":19,"column":8},"end":{"line":23,"column":9}},"type":"if","locations":[{"start":{"line":19,"column":8},"end":{"line":23,"column":9}},{"start":{"line":21,"column":15},"end":{"line":23,"column":9}}],"line":19},"2":{"loc":{"start":{"line":55,"column":34},"end":{"line":55,"column":106}},"type":"cond-expr","locations":[{"start":{"line":55,"column":63},"end":{"line":55,"column":82}},{"start":{"line":55,"column":85},"end":{"line":55,"column":106}}],"line":55},"3":{"loc":{"start":{"line":61,"column":21},"end":{"line":78,"column":21}},"type":"binary-expr","locations":[{"start":{"line":61,"column":21},"end":{"line":61,"column":47}},{"start":{"line":62,"column":24},"end":{"line":77,"column":26}}],"line":61}},"s":{"0":0,"1":0,"2":0,"3":0,"4":0,"5":0,"6":0,"7":0,"8":0,"9":0,"10":0,"11":0,"12":0,"13":0,"14":0,"15":0,"16":0,"17":0,"18":0,"19":1},"f":{"0":0,"1":0,"2":0,"3":0,"4":0,"5":0,"6":0,"7":0},"b":{"0":[0,0],"1":[0,0],"2":[0,0],"3":[0,0]},"_coverageSchema":"1a1c01bbd47fc00a2c39e90264f33305004495a9","hash":"eb53007fc8dfc861883b8bcec3b72a23830df79e"}
,"C:\\Users\\heidi\\OhjelmistoProjekti2\\FrontEnd\\WeatherApp\\components\\weather\\forecast\\ForecastFor16Days.js": {"path":"C:\\Users\\heidi\\OhjelmistoProjekti2\\FrontEnd\\WeatherApp\\components\\weather\\forecast\\ForecastFor16Days.js","statementMap":{"0":{"start":{"line":9,"column":36},"end":{"line":9,"column":50}},"1":{"start":{"line":11,"column":4},"end":{"line":15,"column":19}},"2":{"start":{"line":12,"column":8},"end":{"line":14,"column":9}},"3":{"start":{"line":13,"column":12},"end":{"line":13,"column":26}},"4":{"start":{"line":17,"column":24},"end":{"line":24,"column":5}},"5":{"start":{"line":18,"column":8},"end":{"line":23,"column":66}},"6":{"start":{"line":20,"column":39},"end":{"line":20,"column":60}},"7":{"start":{"line":21,"column":16},"end":{"line":21,"column":44}},"8":{"start":{"line":23,"column":26},"end":{"line":23,"column":64}},"9":{"start":{"line":26,"column":4},"end":{"line":34,"column":5}},"10":{"start":{"line":37,"column":15},"end":{"line":41,"column":2}}},"fnMap":{"0":{"name":"ForecastFor16Days","decl":{"start":{"line":8,"column":24},"end":{"line":8,"column":41}},"loc":{"start":{"line":8,"column":56},"end":{"line":35,"column":1}},"line":8},"1":{"name":"(anonymous_1)","decl":{"start":{"line":11,"column":14},"end":{"line":11,"column":15}},"loc":{"start":{"line":11,"column":20},"end":{"line":15,"column":5}},"line":11},"2":{"name":"(anonymous_2)","decl":{"start":{"line":17,"column":24},"end":{"line":17,"column":25}},"loc":{"start":{"line":17,"column":30},"end":{"line":24,"column":5}},"line":17},"3":{"name":"(anonymous_3)","decl":{"start":{"line":19,"column":18},"end":{"line":19,"column":19}},"loc":{"start":{"line":19,"column":26},"end":{"line":22,"column":13}},"line":19},"4":{"name":"(anonymous_4)","decl":{"start":{"line":23,"column":19},"end":{"line":23,"column":20}},"loc":{"start":{"line":23,"column":26},"end":{"line":23,"column":64}},"line":23}},"branchMap":{"0":{"loc":{"start":{"line":12,"column":8},"end":{"line":14,"column":9}},"type":"if","locations":[{"start":{"line":12,"column":8},"end":{"line":14,"column":9}},{"start":{},"end":{}}],"line":12},"1":{"loc":{"start":{"line":12,"column":12},"end":{"line":12,"column":53}},"type":"binary-expr","locations":[{"start":{"line":12,"column":12},"end":{"line":12,"column":30}},{"start":{"line":12,"column":34},"end":{"line":12,"column":53}}],"line":12},"2":{"loc":{"start":{"line":28,"column":13},"end":{"line":32,"column":13}},"type":"cond-expr","locations":[{"start":{"line":29,"column":16},"end":{"line":29,"column":56}},{"start":{"line":31,"column":16},"end":{"line":31,"column":91}}],"line":28}},"s":{"0":0,"1":0,"2":0,"3":0,"4":0,"5":0,"6":0,"7":0,"8":0,"9":0,"10":1},"f":{"0":0,"1":0,"2":0,"3":0,"4":0},"b":{"0":[0,0],"1":[0,0],"2":[0,0]},"_coverageSchema":"1a1c01bbd47fc00a2c39e90264f33305004495a9","hash":"7acf05e6df3b3780f5cc2d9fba35b070ea884e48"}
,"C:\\Users\\heidi\\OhjelmistoProjekti2\\FrontEnd\\WeatherApp\\components\\weather\\forecast\\ForecastFor5Days.js": {"path":"C:\\Users\\heidi\\OhjelmistoProjekti2\\FrontEnd\\WeatherApp\\components\\weather\\forecast\\ForecastFor5Days.js","statementMap":{"0":{"start":{"line":10,"column":46},"end":{"line":10,"column":60}},"1":{"start":{"line":11,"column":48},"end":{"line":11,"column":62}},"2":{"start":{"line":13,"column":4},"end":{"line":17,"column":19}},"3":{"start":{"line":14,"column":8},"end":{"line":16,"column":9}},"4":{"start":{"line":15,"column":12},"end":{"line":15,"column":26}},"5":{"start":{"line":19,"column":24},"end":{"line":51,"column":5}},"6":{"start":{"line":20,"column":8},"end":{"line":50,"column":65}},"7":{"start":{"line":22,"column":35},"end":{"line":35,"column":18}},"8":{"start":{"line":24,"column":33},"end":{"line":24,"column":58}},"9":{"start":{"line":25,"column":37},"end":{"line":25,"column":74}},"10":{"start":{"line":27,"column":20},"end":{"line":34,"column":21}},"11":{"start":{"line":36,"column":16},"end":{"line":36,"column":46}},"12":{"start":{"line":39,"column":34},"end":{"line":43,"column":23}},"13":{"start":{"line":40,"column":36},"end":{"line":40,"column":57}},"14":{"start":{"line":41,"column":34},"end":{"line":43,"column":21}},"15":{"start":{"line":45,"column":16},"end":{"line":45,"column":44}},"16":{"start":{"line":47,"column":30},"end":{"line":48,"column":58}},"17":{"start":{"line":48,"column":36},"end":{"line":48,"column":57}},"18":{"start":{"line":50,"column":26},"end":{"line":50,"column":64}},"19":{"start":{"line":53,"column":4},"end":{"line":61,"column":5}},"20":{"start":{"line":64,"column":15},"end":{"line":68,"column":2}}},"fnMap":{"0":{"name":"ForecastForFiveDays","decl":{"start":{"line":8,"column":24},"end":{"line":8,"column":43}},"loc":{"start":{"line":8,"column":58},"end":{"line":62,"column":1}},"line":8},"1":{"name":"(anonymous_1)","decl":{"start":{"line":13,"column":14},"end":{"line":13,"column":15}},"loc":{"start":{"line":13,"column":20},"end":{"line":17,"column":5}},"line":13},"2":{"name":"(anonymous_2)","decl":{"start":{"line":19,"column":24},"end":{"line":19,"column":25}},"loc":{"start":{"line":19,"column":30},"end":{"line":51,"column":5}},"line":19},"3":{"name":"(anonymous_3)","decl":{"start":{"line":21,"column":18},"end":{"line":21,"column":19}},"loc":{"start":{"line":21,"column":26},"end":{"line":49,"column":13}},"line":21},"4":{"name":"(anonymous_4)","decl":{"start":{"line":22,"column":49},"end":{"line":22,"column":50}},"loc":{"start":{"line":22,"column":57},"end":{"line":35,"column":17}},"line":22},"5":{"name":"(anonymous_5)","decl":{"start":{"line":40,"column":28},"end":{"line":40,"column":29}},"loc":{"start":{"line":40,"column":36},"end":{"line":40,"column":57}},"line":40},"6":{"name":"(anonymous_6)","decl":{"start":{"line":41,"column":25},"end":{"line":41,"column":26}},"loc":{"start":{"line":41,"column":34},"end":{"line":43,"column":21}},"line":41},"7":{"name":"(anonymous_7)","decl":{"start":{"line":48,"column":28},"end":{"line":48,"column":29}},"loc":{"start":{"line":48,"column":36},"end":{"line":48,"column":57}},"line":48},"8":{"name":"(anonymous_8)","decl":{"start":{"line":50,"column":19},"end":{"line":50,"column":20}},"loc":{"start":{"line":50,"column":26},"end":{"line":50,"column":64}},"line":50}},"branchMap":{"0":{"loc":{"start":{"line":14,"column":8},"end":{"line":16,"column":9}},"type":"if","locations":[{"start":{"line":14,"column":8},"end":{"line":16,"column":9}},{"start":{},"end":{}}],"line":14},"1":{"loc":{"start":{"line":14,"column":12},"end":{"line":14,"column":53}},"type":"binary-expr","locations":[{"start":{"line":14,"column":12},"end":{"line":14,"column":30}},{"start":{"line":14,"column":34},"end":{"line":14,"column":53}}],"line":14},"2":{"loc":{"start":{"line":55,"column":13},"end":{"line":59,"column":13}},"type":"cond-expr","locations":[{"start":{"line":56,"column":16},"end":{"line":56,"column":99}},{"start":{"line":58,"column":16},"end":{"line":58,"column":91}}],"line":55},"3":{"loc":{"start":{"line":55,"column":13},"end":{"line":55,"column":44}},"type":"binary-expr","locations":[{"start":{"line":55,"column":13},"end":{"line":55,"column":26}},{"start":{"line":55,"column":30},"end":{"line":55,"column":44}}],"line":55}},"s":{"0":2,"1":2,"2":2,"3":1,"4":0,"5":2,"6":0,"7":0,"8":0,"9":0,"10":0,"11":0,"12":0,"13":0,"14":0,"15":0,"16":0,"17":0,"18":0,"19":2,"20":1},"f":{"0":2,"1":1,"2":0,"3":0,"4":0,"5":0,"6":0,"7":0,"8":0},"b":{"0":[0,1],"1":[1,0],"2":[0,2],"3":[2,0]},"_coverageSchema":"1a1c01bbd47fc00a2c39e90264f33305004495a9","hash":"578128d45652f00840170661adcf8b6fd02aafa7"}
,"C:\\Users\\heidi\\OhjelmistoProjekti2\\FrontEnd\\WeatherApp\\hooks\\useCityName.js": {"path":"C:\\Users\\heidi\\OhjelmistoProjekti2\\FrontEnd\\WeatherApp\\hooks\\useCityName.js","statementMap":{"0":{"start":{"line":6,"column":28},"end":{"line":6,"column":42}},"1":{"start":{"line":8,"column":4},"end":{"line":28,"column":19}},"2":{"start":{"line":9,"column":8},"end":{"line":11,"column":9}},"3":{"start":{"line":10,"column":12},"end":{"line":10,"column":19}},"4":{"start":{"line":12,"column":24},"end":{"line":26,"column":9}},"5":{"start":{"line":13,"column":12},"end":{"line":25,"column":13}},"6":{"start":{"line":14,"column":32},"end":{"line":17,"column":18}},"7":{"start":{"line":19,"column":16},"end":{"line":21,"column":17}},"8":{"start":{"line":20,"column":20},"end":{"line":20,"column":67}},"9":{"start":{"line":23,"column":16},"end":{"line":23,"column":63}},"10":{"start":{"line":24,"column":16},"end":{"line":24,"column":30}},"11":{"start":{"line":27,"column":8},"end":{"line":27,"column":18}},"12":{"start":{"line":30,"column":4},"end":{"line":30,"column":20}}},"fnMap":{"0":{"name":"useCityName","decl":{"start":{"line":5,"column":24},"end":{"line":5,"column":35}},"loc":{"start":{"line":5,"column":46},"end":{"line":32,"column":1}},"line":5},"1":{"name":"(anonymous_1)","decl":{"start":{"line":8,"column":14},"end":{"line":8,"column":15}},"loc":{"start":{"line":8,"column":20},"end":{"line":28,"column":5}},"line":8},"2":{"name":"(anonymous_2)","decl":{"start":{"line":12,"column":24},"end":{"line":12,"column":25}},"loc":{"start":{"line":12,"column":36},"end":{"line":26,"column":9}},"line":12}},"branchMap":{"0":{"loc":{"start":{"line":9,"column":8},"end":{"line":11,"column":9}},"type":"if","locations":[{"start":{"line":9,"column":8},"end":{"line":11,"column":9}},{"start":{},"end":{}}],"line":9},"1":{"loc":{"start":{"line":9,"column":12},"end":{"line":9,"column":55}},"type":"binary-expr","locations":[{"start":{"line":9,"column":12},"end":{"line":9,"column":31}},{"start":{"line":9,"column":35},"end":{"line":9,"column":55}}],"line":9},"2":{"loc":{"start":{"line":19,"column":16},"end":{"line":21,"column":17}},"type":"if","locations":[{"start":{"line":19,"column":16},"end":{"line":21,"column":17}},{"start":{},"end":{}}],"line":19},"3":{"loc":{"start":{"line":20,"column":28},"end":{"line":20,"column":65}},"type":"binary-expr","locations":[{"start":{"line":20,"column":28},"end":{"line":20,"column":43}},{"start":{"line":20,"column":47},"end":{"line":20,"column":65}}],"line":20}},"s":{"0":4,"1":4,"2":2,"3":1,"4":1,"5":1,"6":1,"7":1,"8":1,"9":0,"10":0,"11":1,"12":4},"f":{"0":4,"1":2,"2":1},"b":{"0":[1,1],"1":[2,1],"2":[1,0],"3":[1,0]},"_coverageSchema":"1a1c01bbd47fc00a2c39e90264f33305004495a9","hash":"92c929cccb928e1635be23df195706c0b6d83965"}
,"C:\\Users\\heidi\\OhjelmistoProjekti2\\FrontEnd\\WeatherApp\\hooks\\useCitySearch.js": {"path":"C:\\Users\\heidi\\OhjelmistoProjekti2\\FrontEnd\\WeatherApp\\hooks\\useCitySearch.js","statementMap":{"0":{"start":{"line":9,"column":48},"end":{"line":9,"column":62}},"1":{"start":{"line":11,"column":23},"end":{"line":34,"column":5}},"2":{"start":{"line":13,"column":8},"end":{"line":16,"column":9}},"3":{"start":{"line":14,"column":12},"end":{"line":14,"column":46}},"4":{"start":{"line":15,"column":12},"end":{"line":15,"column":19}},"5":{"start":{"line":17,"column":28},"end":{"line":17,"column":39}},"6":{"start":{"line":19,"column":8},"end":{"line":33,"column":9}},"7":{"start":{"line":20,"column":31},"end":{"line":20,"column":63}},"8":{"start":{"line":21,"column":12},"end":{"line":29,"column":13}},"9":{"start":{"line":22,"column":16},"end":{"line":25,"column":19}},"10":{"start":{"line":27,"column":16},"end":{"line":27,"column":58}},"11":{"start":{"line":28,"column":16},"end":{"line":28,"column":40}},"12":{"start":{"line":31,"column":12},"end":{"line":31,"column":77}},"13":{"start":{"line":32,"column":12},"end":{"line":32,"column":36}},"14":{"start":{"line":36,"column":4},"end":{"line":36,"column":42}}},"fnMap":{"0":{"name":"useCitySearch","decl":{"start":{"line":7,"column":24},"end":{"line":7,"column":37}},"loc":{"start":{"line":7,"column":40},"end":{"line":38,"column":1}},"line":7},"1":{"name":"(anonymous_1)","decl":{"start":{"line":11,"column":23},"end":{"line":11,"column":24}},"loc":{"start":{"line":11,"column":39},"end":{"line":34,"column":5}},"line":11}},"branchMap":{"0":{"loc":{"start":{"line":13,"column":8},"end":{"line":16,"column":9}},"type":"if","locations":[{"start":{"line":13,"column":8},"end":{"line":16,"column":9}},{"start":{},"end":{}}],"line":13},"1":{"loc":{"start":{"line":21,"column":12},"end":{"line":29,"column":13}},"type":"if","locations":[{"start":{"line":21,"column":12},"end":{"line":29,"column":13}},{"start":{"line":26,"column":19},"end":{"line":29,"column":13}}],"line":21}},"s":{"0":4,"1":4,"2":1,"3":0,"4":0,"5":1,"6":1,"7":1,"8":1,"9":1,"10":0,"11":0,"12":0,"13":0,"14":4},"f":{"0":4,"1":1},"b":{"0":[0,1],"1":[1,0]},"_coverageSchema":"1a1c01bbd47fc00a2c39e90264f33305004495a9","hash":"949e96b02b580e5e9b2eae3f378b5f27c0306699"}
,"C:\\Users\\heidi\\OhjelmistoProjekti2\\FrontEnd\\WeatherApp\\hooks\\useForecast.js": {"path":"C:\\Users\\heidi\\OhjelmistoProjekti2\\FrontEnd\\WeatherApp\\hooks\\useForecast.js","statementMap":{},"fnMap":{},"branchMap":{},"s":{},"f":{},"b":{}}
,"C:\\Users\\heidi\\OhjelmistoProjekti2\\FrontEnd\\WeatherApp\\hooks\\useUserLocation.js": {"path":"C:\\Users\\heidi\\OhjelmistoProjekti2\\FrontEnd\\WeatherApp\\hooks\\useUserLocation.js","statementMap":{"0":{"start":{"line":9,"column":36},"end":{"line":9,"column":50}},"1":{"start":{"line":10,"column":34},"end":{"line":10,"column":48}},"2":{"start":{"line":12,"column":4},"end":{"line":33,"column":11}},"3":{"start":{"line":13,"column":32},"end":{"line":31,"column":9}},"4":{"start":{"line":14,"column":12},"end":{"line":30,"column":13}},"5":{"start":{"line":15,"column":33},"end":{"line":15,"column":83}},"6":{"start":{"line":16,"column":16},"end":{"line":19,"column":17}},"7":{"start":{"line":17,"column":20},"end":{"line":17,"column":63}},"8":{"start":{"line":18,"column":20},"end":{"line":18,"column":27}},"9":{"start":{"line":20,"column":31},"end":{"line":20,"column":73}},"10":{"start":{"line":21,"column":16},"end":{"line":24,"column":18}},"11":{"start":{"line":26,"column":16},"end":{"line":26,"column":67}},"12":{"start":{"line":27,"column":16},"end":{"line":27,"column":58}},"13":{"start":{"line":29,"column":16},"end":{"line":29,"column":34}},"14":{"start":{"line":32,"column":8},"end":{"line":32,"column":26}},"15":{"start":{"line":35,"column":4},"end":{"line":35,"column":33}}},"fnMap":{"0":{"name":"useUserLocation","decl":{"start":{"line":7,"column":24},"end":{"line":7,"column":39}},"loc":{"start":{"line":7,"column":42},"end":{"line":36,"column":1}},"line":7},"1":{"name":"(anonymous_1)","decl":{"start":{"line":12,"column":14},"end":{"line":12,"column":15}},"loc":{"start":{"line":12,"column":20},"end":{"line":33,"column":5}},"line":12},"2":{"name":"(anonymous_2)","decl":{"start":{"line":13,"column":32},"end":{"line":13,"column":33}},"loc":{"start":{"line":13,"column":44},"end":{"line":31,"column":9}},"line":13}},"branchMap":{"0":{"loc":{"start":{"line":16,"column":16},"end":{"line":19,"column":17}},"type":"if","locations":[{"start":{"line":16,"column":16},"end":{"line":19,"column":17}},{"start":{},"end":{}}],"line":16}},"s":{"0":5,"1":4,"2":4,"3":2,"4":2,"5":2,"6":1,"7":0,"8":0,"9":1,"10":1,"11":1,"12":1,"13":2,"14":2,"15":4},"f":{"0":5,"1":2,"2":2},"b":{"0":[0,1]},"_coverageSchema":"1a1c01bbd47fc00a2c39e90264f33305004495a9","hash":"7aa5df1e2044597963d02a54b50ea056a9d80fe6"}
,"C:\\Users\\heidi\\OhjelmistoProjekti2\\FrontEnd\\WeatherApp\\hooks\\useWeather.js": {"path":"C:\\Users\\heidi\\OhjelmistoProjekti2\\FrontEnd\\WeatherApp\\hooks\\useWeather.js","statementMap":{"0":{"start":{"line":8,"column":34},"end":{"line":8,"column":46}},"1":{"start":{"line":10,"column":4},"end":{"line":30,"column":19}},"2":{"start":{"line":11,"column":8},"end":{"line":12,"column":19}},"3":{"start":{"line":12,"column":12},"end":{"line":12,"column":19}},"4":{"start":{"line":14,"column":27},"end":{"line":28,"column":9}},"5":{"start":{"line":15,"column":12},"end":{"line":27,"column":13}},"6":{"start":{"line":16,"column":29},"end":{"line":16,"column":72}},"7":{"start":{"line":17,"column":16},"end":{"line":23,"column":17}},"8":{"start":{"line":18,"column":20},"end":{"line":18,"column":37}},"9":{"start":{"line":19,"column":20},"end":{"line":19,"column":38}},"10":{"start":{"line":21,"column":20},"end":{"line":21,"column":60}},"11":{"start":{"line":22,"column":20},"end":{"line":22,"column":37}},"12":{"start":{"line":25,"column":16},"end":{"line":25,"column":66}},"13":{"start":{"line":26,"column":16},"end":{"line":26,"column":33}},"14":{"start":{"line":29,"column":8},"end":{"line":29,"column":21}},"15":{"start":{"line":32,"column":4},"end":{"line":32,"column":23}}},"fnMap":{"0":{"name":"useWeather","decl":{"start":{"line":6,"column":24},"end":{"line":6,"column":34}},"loc":{"start":{"line":6,"column":45},"end":{"line":33,"column":1}},"line":6},"1":{"name":"(anonymous_1)","decl":{"start":{"line":10,"column":14},"end":{"line":10,"column":15}},"loc":{"start":{"line":10,"column":20},"end":{"line":30,"column":5}},"line":10},"2":{"name":"(anonymous_2)","decl":{"start":{"line":14,"column":27},"end":{"line":14,"column":28}},"loc":{"start":{"line":14,"column":39},"end":{"line":28,"column":9}},"line":14}},"branchMap":{"0":{"loc":{"start":{"line":11,"column":8},"end":{"line":12,"column":19}},"type":"if","locations":[{"start":{"line":11,"column":8},"end":{"line":12,"column":19}},{"start":{},"end":{}}],"line":11},"1":{"loc":{"start":{"line":11,"column":12},"end":{"line":11,"column":55}},"type":"binary-expr","locations":[{"start":{"line":11,"column":12},"end":{"line":11,"column":31}},{"start":{"line":11,"column":35},"end":{"line":11,"column":55}}],"line":11},"2":{"loc":{"start":{"line":17,"column":16},"end":{"line":23,"column":17}},"type":"if","locations":[{"start":{"line":17,"column":16},"end":{"line":23,"column":17}},{"start":{"line":20,"column":23},"end":{"line":23,"column":17}}],"line":17}},"s":{"0":4,"1":4,"2":2,"3":1,"4":1,"5":1,"6":1,"7":1,"8":1,"9":1,"10":0,"11":0,"12":0,"13":0,"14":1,"15":4},"f":{"0":4,"1":2,"2":1},"b":{"0":[1,1],"1":[2,1],"2":[1,0]},"_coverageSchema":"1a1c01bbd47fc00a2c39e90264f33305004495a9","hash":"3eec1f857a1737c8ffb882543dde8ded86285a99"}
,"C:\\Users\\heidi\\OhjelmistoProjekti2\\FrontEnd\\WeatherApp\\navigation\\TabNavigator.js": {"path":"C:\\Users\\heidi\\OhjelmistoProjekti2\\FrontEnd\\WeatherApp\\navigation\\TabNavigator.js","statementMap":{"0":{"start":{"line":10,"column":12},"end":{"line":10,"column":38}},"1":{"start":{"line":13,"column":16},"end":{"line":13,"column":26}},"2":{"start":{"line":15,"column":2},"end":{"line":76,"column":4}},"3":{"start":{"line":21,"column":8},"end":{"line":42,"column":10}},"4":{"start":{"line":25,"column":12},"end":{"line":28,"column":15}},"5":{"start":{"line":31,"column":32},"end":{"line":31,"column":54}},"6":{"start":{"line":32,"column":12},"end":{"line":34,"column":13}},"7":{"start":{"line":33,"column":14},"end":{"line":33,"column":63}},"8":{"start":{"line":36,"column":12},"end":{"line":36,"column":24}},"9":{"start":{"line":39,"column":32},"end":{"line":39,"column":54}},"10":{"start":{"line":40,"column":12},"end":{"line":40,"column":39}},"11":{"start":{"line":51,"column":12},"end":{"line":51,"column":153}},"12":{"start":{"line":61,"column":12},"end":{"line":61,"column":149}},"13":{"start":{"line":71,"column":12},"end":{"line":71,"column":153}}},"fnMap":{"0":{"name":"TabNavigator","decl":{"start":{"line":12,"column":24},"end":{"line":12,"column":36}},"loc":{"start":{"line":12,"column":39},"end":{"line":77,"column":1}},"line":12},"1":{"name":"(anonymous_1)","decl":{"start":{"line":20,"column":14},"end":{"line":20,"column":15}},"loc":{"start":{"line":21,"column":8},"end":{"line":42,"column":10}},"line":21},"2":{"name":"(anonymous_2)","decl":{"start":{"line":24,"column":22},"end":{"line":24,"column":23}},"loc":{"start":{"line":24,"column":37},"end":{"line":29,"column":11}},"line":24},"3":{"name":"(anonymous_3)","decl":{"start":{"line":30,"column":22},"end":{"line":30,"column":23}},"loc":{"start":{"line":30,"column":46},"end":{"line":37,"column":11}},"line":30},"4":{"name":"(anonymous_4)","decl":{"start":{"line":38,"column":24},"end":{"line":38,"column":25}},"loc":{"start":{"line":38,"column":39},"end":{"line":41,"column":11}},"line":38},"5":{"name":"(anonymous_5)","decl":{"start":{"line":50,"column":22},"end":{"line":50,"column":23}},"loc":{"start":{"line":50,"column":45},"end":{"line":52,"column":11}},"line":50},"6":{"name":"(anonymous_6)","decl":{"start":{"line":60,"column":22},"end":{"line":60,"column":23}},"loc":{"start":{"line":60,"column":45},"end":{"line":62,"column":11}},"line":60},"7":{"name":"(anonymous_7)","decl":{"start":{"line":70,"column":22},"end":{"line":70,"column":23}},"loc":{"start":{"line":70,"column":45},"end":{"line":72,"column":11}},"line":70}},"branchMap":{"0":{"loc":{"start":{"line":32,"column":12},"end":{"line":34,"column":13}},"type":"if","locations":[{"start":{"line":32,"column":12},"end":{"line":34,"column":13}},{"start":{},"end":{}}],"line":32},"1":{"loc":{"start":{"line":51,"column":31},"end":{"line":51,"column":66}},"type":"cond-expr","locations":[{"start":{"line":51,"column":41},"end":{"line":51,"column":48}},{"start":{"line":51,"column":51},"end":{"line":51,"column":66}}],"line":51},"2":{"loc":{"start":{"line":51,"column":87},"end":{"line":51,"column":149}},"type":"cond-expr","locations":[{"start":{"line":51,"column":97},"end":{"line":51,"column":117}},{"start":{"line":51,"column":120},"end":{"line":51,"column":149}}],"line":51},"3":{"loc":{"start":{"line":61,"column":31},"end":{"line":61,"column":62}},"type":"cond-expr","locations":[{"start":{"line":61,"column":41},"end":{"line":61,"column":46}},{"start":{"line":61,"column":49},"end":{"line":61,"column":62}}],"line":61},"4":{"loc":{"start":{"line":61,"column":83},"end":{"line":61,"column":145}},"type":"cond-expr","locations":[{"start":{"line":61,"column":93},"end":{"line":61,"column":113}},{"start":{"line":61,"column":116},"end":{"line":61,"column":145}}],"line":61},"5":{"loc":{"start":{"line":71,"column":31},"end":{"line":71,"column":66}},"type":"cond-expr","locations":[{"start":{"line":71,"column":41},"end":{"line":71,"column":48}},{"start":{"line":71,"column":51},"end":{"line":71,"column":66}}],"line":71},"6":{"loc":{"start":{"line":71,"column":87},"end":{"line":71,"column":149}},"type":"cond-expr","locations":[{"start":{"line":71,"column":97},"end":{"line":71,"column":117}},{"start":{"line":71,"column":120},"end":{"line":71,"column":149}}],"line":71}},"s":{"0":0,"1":0,"2":0,"3":0,"4":0,"5":0,"6":0,"7":0,"8":0,"9":0,"10":0,"11":0,"12":0,"13":0},"f":{"0":0,"1":0,"2":0,"3":0,"4":0,"5":0,"6":0,"7":0},"b":{"0":[0,0],"1":[0,0],"2":[0,0],"3":[0,0],"4":[0,0],"5":[0,0],"6":[0,0]}}
,"C:\\Users\\heidi\\OhjelmistoProjekti2\\FrontEnd\\WeatherApp\\screens\\FavoritesScreen.js": {"path":"C:\\Users\\heidi\\OhjelmistoProjekti2\\FrontEnd\\WeatherApp\\screens\\FavoritesScreen.js","statementMap":{"0":{"start":{"line":6,"column":2},"end":{"line":10,"column":4}}},"fnMap":{"0":{"name":"FavoritesScreen","decl":{"start":{"line":5,"column":24},"end":{"line":5,"column":39}},"loc":{"start":{"line":5,"column":42},"end":{"line":11,"column":1}},"line":5}},"branchMap":{},"s":{"0":0},"f":{"0":0},"b":{}}
,"C:\\Users\\heidi\\OhjelmistoProjekti2\\FrontEnd\\WeatherApp\\screens\\IndexScreen.js": {"path":"C:\\Users\\heidi\\OhjelmistoProjekti2\\FrontEnd\\WeatherApp\\screens\\IndexScreen.js","statementMap":{"0":{"start":{"line":7,"column":2},"end":{"line":14,"column":4}},"1":{"start":{"line":17,"column":15},"end":{"line":40,"column":2}}},"fnMap":{"0":{"name":"IndexScreen","decl":{"start":{"line":6,"column":24},"end":{"line":6,"column":35}},"loc":{"start":{"line":6,"column":38},"end":{"line":15,"column":1}},"line":6}},"branchMap":{},"s":{"0":0,"1":0},"f":{"0":0},"b":{}}
,"C:\\Users\\heidi\\OhjelmistoProjekti2\\FrontEnd\\WeatherApp\\screens\\MapScreen.js": {"path":"C:\\Users\\heidi\\OhjelmistoProjekti2\\FrontEnd\\WeatherApp\\screens\\MapScreen.js","statementMap":{"0":{"start":{"line":6,"column":2},"end":{"line":10,"column":4}},"1":{"start":{"line":13,"column":15},"end":{"line":17,"column":2}}},"fnMap":{"0":{"name":"Map","decl":{"start":{"line":5,"column":24},"end":{"line":5,"column":27}},"loc":{"start":{"line":5,"column":30},"end":{"line":11,"column":1}},"line":5}},"branchMap":{},"s":{"0":0,"1":0},"f":{"0":0},"b":{}}
}
