TN:
SF:.eslintrc.js
FNF:0
FNH:0
DA:1,0
LF:1
LH:0
BRF:0
BRH:0
end_of_record
TN:
SF:App.js
FN:9,App
FNF:1
FNH:0
FNDA:0,App
DA:10,0
DA:21,0
LF:2
LH:0
BRF:0
BRH:0
end_of_record
TN:
SF:api.js
FN:4,getCurrentWeatherInLocation
FN:7,(anonymous_1)
FN:15,getCityCoords
FN:17,(anonymous_3)
FN:32,getForecastForFiveDays
FN:35,(anonymous_5)
FN:47,getLongTermForecast
FN:50,(anonymous_7)
FN:58,getLayerTiles
FNF:9
FNH:9
FNDA:2,getCurrentWeatherInLocation
FNDA:2,(anonymous_1)
FNDA:2,getCityCoords
FNDA:2,(anonymous_3)
FNDA:2,getForecastForFiveDays
FNDA:2,(anonymous_5)
FNDA:2,getLongTermForecast
FNDA:2,(anonymous_7)
FNDA:1,getLayerTiles
DA:5,2
DA:8,2
DA:9,1
DA:11,1
DA:16,2
DA:18,2
DA:19,1
DA:20,1
DA:25,1
DA:33,2
DA:36,2
DA:37,1
DA:42,1
DA:48,2
DA:51,2
DA:52,1
DA:54,1
DA:59,1
LF:18
LH:18
BRDA:8,0,0,1
BRDA:8,0,1,1
BRDA:18,1,0,1
BRDA:18,1,1,1
BRDA:36,2,0,1
BRDA:36,2,1,1
BRDA:51,3,0,1
BRDA:51,3,1,1
BRF:8
BRH:8
end_of_record
TN:
SF:index.js
FNF:0
FNH:0
DA:8,0
LF:1
LH:0
BRF:0
BRH:0
end_of_record
TN:
SF:components\date\DateService.js
FN:2,getCurrentDate
FN:15,setImageByTime
FN:33,setThemeByTime
FNF:3
FNH:3
FNDA:13,getCurrentDate
FNDA:15,setImageByTime
FNDA:19,setThemeByTime
DA:3,13
DA:5,13
DA:6,13
DA:10,0
DA:16,15
DA:17,15
DA:19,15
DA:20,15
DA:21,1
DA:22,14
DA:23,13
DA:25,1
DA:28,0
DA:34,19
DA:35,19
DA:37,19
DA:38,19
DA:39,3
DA:40,16
DA:41,16
DA:43,0
DA:46,0
LF:22
LH:18
BRDA:20,0,0,1
BRDA:20,0,1,14
BRDA:20,1,0,15
BRDA:20,1,1,14
BRDA:22,2,0,13
BRDA:22,2,1,1
BRDA:22,3,0,14
BRDA:22,3,1,14
BRDA:38,4,0,3
BRDA:38,4,1,16
BRDA:38,5,0,19
BRDA:38,5,1,16
BRDA:40,6,0,16
BRDA:40,6,1,0
BRDA:40,7,0,16
BRDA:40,7,1,16
BRF:16
BRH:15
end_of_record
TN:
SF:components\favorites\FavoriteDialog.js
FN:5,FavoriteDialog
FNF:1
FNH:1
FNDA:28,FavoriteDialog
DA:7,28
LF:1
LH:1
BRF:0
BRH:0
end_of_record
TN:
SF:components\favorites\FavoriteIconButton.js
FN:8,FavoriteIconButton
FN:13,(anonymous_1)
FN:21,(anonymous_2)
FN:26,(anonymous_3)
FNF:4
FNH:4
FNDA:25,FavoriteIconButton
FNDA:4,(anonymous_1)
FNDA:1,(anonymous_2)
FNDA:1,(anonymous_3)
DA:9,25
DA:11,25
DA:13,25
DA:14,4
DA:15,3
DA:17,1
DA:21,25
DA:22,1
DA:23,1
DA:26,25
DA:27,1
DA:30,25
LF:12
LH:12
BRDA:14,0,0,3
BRDA:14,0,1,1
BRDA:33,1,0,8
BRDA:33,1,1,17
BRF:4
BRH:4
end_of_record
TN:
SF:components\favorites\FavoritesContext.js
FN:6,(anonymous_0)
FN:9,(anonymous_1)
FN:10,(anonymous_2)
FN:22,(anonymous_3)
FN:23,(anonymous_4)
FN:31,(anonymous_5)
FN:32,(anonymous_6)
FN:37,(anonymous_7)
FN:38,(anonymous_8)
FN:50,(anonymous_9)
FNF:10
FNH:0
FNDA:0,(anonymous_0)
FNDA:0,(anonymous_1)
FNDA:0,(anonymous_2)
FNDA:0,(anonymous_3)
FNDA:0,(anonymous_4)
FNDA:0,(anonymous_5)
FNDA:0,(anonymous_6)
FNDA:0,(anonymous_7)
FNDA:0,(anonymous_8)
FNDA:0,(anonymous_9)
DA:4,0
DA:6,0
DA:7,0
DA:9,0
DA:10,0
DA:11,0
DA:12,0
DA:13,0
DA:14,0
DA:16,0
DA:19,0
DA:22,0
DA:23,0
DA:24,0
DA:25,0
DA:26,0
DA:27,0
DA:31,0
DA:32,0
DA:33,0
DA:34,0
DA:37,0
DA:38,0
DA:41,0
DA:50,0
LF:25
LH:0
BRDA:13,0,0,0
BRDA:13,0,1,0
BRDA:24,1,0,0
BRDA:24,1,1,0
BRF:4
BRH:0
end_of_record
TN:
SF:components\favorites\FavoritesList.js
FN:14,FavoritesList
FN:19,(anonymous_1)
FN:30,(anonymous_2)
FN:32,(anonymous_3)
FN:35,(anonymous_4)
FNF:5
FNH:5
FNDA:4,FavoritesList
FNDA:1,(anonymous_1)
FNDA:6,(anonymous_2)
FNDA:4,(anonymous_3)
FNDA:1,(anonymous_4)
DA:15,4
DA:17,4
DA:19,4
DA:20,1
DA:23,4
DA:30,6
DA:33,4
DA:35,1
DA:50,2
LF:9
LH:9
BRF:0
BRH:0
end_of_record
TN:
SF:components\map\MapDefaultView.js
FN:9,MapDefaultView
FN:31,(anonymous_1)
FN:46,(anonymous_2)
FN:59,(anonymous_3)
FN:64,(anonymous_4)
FN:65,(anonymous_5)
FN:142,(anonymous_6)
FN:149,(anonymous_7)
FN:156,(anonymous_8)
FN:163,(anonymous_9)
FN:166,(anonymous_10)
FNF:11
FNH:0
FNDA:0,MapDefaultView
FNDA:0,(anonymous_1)
FNDA:0,(anonymous_2)
FNDA:0,(anonymous_3)
FNDA:0,(anonymous_4)
FNDA:0,(anonymous_5)
FNDA:0,(anonymous_6)
FNDA:0,(anonymous_7)
FNDA:0,(anonymous_8)
FNDA:0,(anonymous_9)
FNDA:0,(anonymous_10)
DA:10,0
DA:11,0
DA:12,0
DA:14,0
DA:21,0
DA:23,0
DA:24,0
DA:25,0
DA:26,0
DA:27,0
DA:29,0
DA:31,0
DA:32,0
DA:33,0
DA:34,0
DA:41,0
DA:46,0
DA:47,0
DA:48,0
DA:55,0
DA:59,0
DA:60,0
DA:61,0
DA:64,0
DA:65,0
DA:67,0
DA:70,0
DA:75,0
DA:142,0
DA:149,0
DA:156,0
DA:163,0
DA:166,0
DA:172,1
LF:34
LH:1
BRDA:32,0,0,0
BRDA:32,0,1,0
BRDA:60,1,0,0
BRDA:60,1,1,0
BRDA:67,2,0,0
BRDA:67,2,1,0
BRDA:70,3,0,0
BRDA:70,3,1,0
BRDA:85,4,0,0
BRDA:85,4,1,0
BRDA:92,5,0,0
BRDA:92,5,1,0
BRDA:99,6,0,0
BRDA:99,6,1,0
BRDA:106,7,0,0
BRDA:106,7,1,0
BRDA:119,8,0,0
BRDA:119,8,1,0
BRDA:139,9,0,0
BRDA:139,9,1,0
BRDA:140,10,0,0
BRDA:140,10,1,0
BRDA:141,11,0,0
BRDA:141,11,1,0
BRDA:146,12,0,0
BRDA:146,12,1,0
BRDA:147,13,0,0
BRDA:147,13,1,0
BRDA:148,14,0,0
BRDA:148,14,1,0
BRDA:153,15,0,0
BRDA:153,15,1,0
BRDA:154,16,0,0
BRDA:154,16,1,0
BRDA:155,17,0,0
BRDA:155,17,1,0
BRDA:160,18,0,0
BRDA:160,18,1,0
BRDA:161,19,0,0
BRDA:161,19,1,0
BRDA:162,20,0,0
BRDA:162,20,1,0
BRF:42
BRH:0
end_of_record
TN:
SF:components\weather\WeatherIndex.js
FN:25,WeatherIndex
FN:45,(anonymous_1)
FN:55,(anonymous_2)
FN:65,(anonymous_3)
FN:70,(anonymous_4)
FN:105,(anonymous_5)
FN:145,(anonymous_6)
FN:157,(anonymous_7)
FN:161,(anonymous_8)
FNF:9
FNH:2
FNDA:15,WeatherIndex
FNDA:0,(anonymous_1)
FNDA:0,(anonymous_2)
FNDA:0,(anonymous_3)
FNDA:6,(anonymous_4)
FNDA:0,(anonymous_5)
FNDA:0,(anonymous_6)
FNDA:0,(anonymous_7)
FNDA:0,(anonymous_8)
DA:27,15
DA:28,12
DA:29,12
DA:31,12
DA:32,12
DA:33,12
DA:35,12
DA:37,12
DA:39,12
DA:41,12
DA:43,12
DA:45,12
DA:46,0
DA:47,0
DA:48,0
DA:50,0
DA:51,0
DA:52,0
DA:55,12
DA:56,0
DA:57,0
DA:58,0
DA:60,0
DA:61,0
DA:62,0
DA:65,12
DA:66,0
DA:67,0
DA:70,12
DA:71,6
DA:72,0
DA:73,0
DA:77,12
DA:106,0
DA:145,0
DA:158,0
DA:161,0
DA:178,3
LF:38
LH:18
BRDA:33,0,0,12
BRDA:33,0,1,0
BRDA:43,1,0,12
BRDA:43,1,1,0
BRDA:47,2,0,0
BRDA:47,2,1,0
BRDA:57,3,0,0
BRDA:57,3,1,0
BRDA:71,4,0,0
BRDA:71,4,1,6
BRDA:92,5,0,0
BRDA:92,5,1,12
BRDA:113,6,0,12
BRDA:113,6,1,2
BRDA:117,7,0,0
BRDA:117,7,1,2
BRDA:150,8,0,12
BRDA:150,8,1,0
BRDA:150,8,2,0
BRF:19
BRH:8
end_of_record
TN:
SF:components\weather\forecast\DataEdit.js
FN:2,(anonymous_0)
FN:3,(anonymous_1)
FNF:2
FNH:2
FNDA:1,(anonymous_0)
FNDA:2,(anonymous_1)
DA:2,4
DA:3,2
LF:2
LH:2
BRF:0
BRH:0
end_of_record
TN:
SF:components\weather\forecast\Forecast.js
FN:9,Forecast
FNF:1
FNH:1
FNDA:13,Forecast
DA:10,13
DA:12,13
DA:39,3
LF:3
LH:3
BRDA:30,0,0,0
BRDA:30,0,1,13
BRF:2
BRH:1
end_of_record
TN:
SF:components\weather\forecast\ForecastFlatList16days.js
FN:4,ForecastFlatList
FN:10,(anonymous_1)
FNF:2
FNH:0
FNDA:0,ForecastFlatList
FNDA:0,(anonymous_1)
DA:5,0
DA:11,0
DA:35,3
LF:3
LH:1
BRF:0
BRH:0
end_of_record
TN:
SF:components\weather\forecast\ForecastFlatList5days.js
FN:12,ForecastFlatList5
FN:17,(anonymous_1)
FN:20,(anonymous_2)
FN:26,(anonymous_3)
FN:34,(anonymous_4)
FN:44,(anonymous_5)
FN:47,(anonymous_6)
FN:82,(anonymous_7)
FNF:8
FNH:0
FNDA:0,ForecastFlatList5
FNDA:0,(anonymous_1)
FNDA:0,(anonymous_2)
FNDA:0,(anonymous_3)
FNDA:0,(anonymous_4)
FNDA:0,(anonymous_5)
FNDA:0,(anonymous_6)
FNDA:0,(anonymous_7)
DA:13,0
DA:14,0
DA:15,0
DA:17,0
DA:18,0
DA:19,0
DA:20,0
DA:22,0
DA:26,0
DA:27,0
DA:28,0
DA:30,0
DA:34,0
DA:35,0
DA:36,0
DA:39,0
DA:45,0
DA:47,0
DA:83,0
DA:104,3
LF:20
LH:1
BRDA:18,0,0,0
BRDA:18,0,1,0
BRDA:27,1,0,0
BRDA:27,1,1,0
BRDA:69,2,0,0
BRDA:69,2,1,0
BRDA:78,3,0,0
BRDA:78,3,1,0
BRF:8
BRH:0
end_of_record
TN:
SF:components\weather\forecast\ForecastFor16Days.js
FN:8,ForecastFor16Days
FN:11,(anonymous_1)
FN:17,(anonymous_2)
FN:19,(anonymous_3)
FN:23,(anonymous_4)
FNF:5
FNH:0
FNDA:0,ForecastFor16Days
FNDA:0,(anonymous_1)
FNDA:0,(anonymous_2)
FNDA:0,(anonymous_3)
FNDA:0,(anonymous_4)
DA:9,0
DA:11,0
DA:12,0
DA:13,0
DA:17,0
DA:18,0
DA:20,0
DA:21,0
DA:23,0
DA:26,0
DA:37,3
LF:11
LH:1
BRDA:12,0,0,0
BRDA:12,0,1,0
BRDA:12,1,0,0
BRDA:12,1,1,0
BRDA:28,2,0,0
BRDA:28,2,1,0
BRF:6
BRH:0
end_of_record
TN:
SF:components\weather\forecast\ForecastFor5Days.js
FN:8,ForecastForFiveDays
FN:12,(anonymous_1)
FN:18,(anonymous_2)
FN:20,(anonymous_3)
FN:21,(anonymous_4)
FN:37,(anonymous_5)
FN:38,(anonymous_6)
FN:44,(anonymous_7)
FN:46,(anonymous_8)
FNF:9
FNH:2
FNDA:13,ForecastForFiveDays
FNDA:7,(anonymous_1)
FNDA:0,(anonymous_2)
FNDA:0,(anonymous_3)
FNDA:0,(anonymous_4)
FNDA:0,(anonymous_5)
FNDA:0,(anonymous_6)
FNDA:0,(anonymous_7)
FNDA:0,(anonymous_8)
DA:9,13
DA:10,13
DA:12,13
DA:13,7
DA:14,0
DA:18,13
DA:19,0
DA:21,0
DA:22,0
DA:23,0
DA:25,0
DA:34,0
DA:36,0
DA:37,0
DA:38,0
DA:42,0
DA:44,0
DA:46,0
DA:49,13
DA:63,3
LF:20
LH:7
BRDA:13,0,0,0
BRDA:13,0,1,7
BRDA:13,1,0,7
BRDA:13,1,1,0
BRDA:51,2,0,0
BRDA:51,2,1,13
BRDA:51,3,0,13
BRDA:51,3,1,0
BRF:8
BRH:4
end_of_record
TN:
SF:hooks\useCityName.js
FN:4,useCityName
FN:7,(anonymous_1)
FN:11,(anonymous_2)
FNF:3
FNH:3
FNDA:14,useCityName
FNDA:7,(anonymous_1)
FNDA:1,(anonymous_2)
DA:5,14
DA:7,14
DA:8,7
DA:9,6
DA:11,1
DA:12,1
DA:13,1
DA:18,1
DA:19,1
DA:22,0
DA:23,0
DA:26,1
DA:29,14
LF:13
LH:11
BRDA:8,0,0,6
BRDA:8,0,1,1
BRDA:8,1,0,7
BRDA:8,1,1,1
BRDA:18,2,0,1
BRDA:18,2,1,0
BRDA:19,3,0,1
BRDA:19,3,1,0
BRF:8
BRH:6
end_of_record
TN:
SF:hooks\useCitySearch.js
FN:7,useCitySearch
FN:10,(anonymous_1)
FNF:2
FNH:2
FNDA:14,useCitySearch
FNDA:1,(anonymous_1)
DA:8,14
DA:10,14
DA:11,1
DA:12,0
DA:13,0
DA:15,1
DA:17,1
DA:18,1
DA:19,1
DA:20,1
DA:24,1
DA:26,0
DA:27,0
DA:28,0
DA:29,0
DA:32,0
DA:33,0
DA:34,0
DA:38,14
LF:19
LH:10
BRDA:11,0,0,0
BRDA:11,0,1,1
BRDA:19,1,0,1
BRDA:19,1,1,0
BRF:4
BRH:2
end_of_record
TN:
SF:hooks\useRecentSearch.js
FN:4,useRecentSearch
FN:7,(anonymous_1)
FN:8,(anonymous_2)
FN:23,(anonymous_3)
FN:27,(anonymous_4)
FNF:5
FNH:3
FNDA:14,useRecentSearch
FNDA:7,(anonymous_1)
FNDA:7,(anonymous_2)
FNDA:0,(anonymous_3)
FNDA:0,(anonymous_4)
DA:5,14
DA:7,14
DA:8,7
DA:9,7
DA:10,7
DA:11,7
DA:12,1
DA:14,7
DA:16,0
DA:17,0
DA:20,7
DA:23,14
DA:24,0
DA:25,0
DA:27,0
DA:29,0
DA:30,0
DA:31,0
DA:33,0
DA:34,0
DA:38,14
LF:21
LH:11
BRDA:11,0,0,1
BRDA:11,0,1,6
BRF:2
BRH:2
end_of_record
TN:
SF:hooks\useUserLocation.js
FN:7,useUserLocation
FN:11,(anonymous_1)
FN:12,(anonymous_2)
FNF:3
FNH:3
FNDA:14,useUserLocation
FNDA:7,(anonymous_1)
FNDA:7,(anonymous_2)
DA:8,14
DA:9,14
DA:11,14
DA:12,7
DA:13,7
DA:14,7
DA:15,1
DA:16,0
DA:17,0
DA:19,1
DA:20,1
DA:25,6
DA:26,6
DA:28,7
DA:31,7
DA:34,14
LF:16
LH:14
BRDA:15,0,0,0
BRDA:15,0,1,1
BRF:2
BRH:1
end_of_record
TN:
SF:hooks\useWeather.js
FN:6,useWeather
FN:9,(anonymous_1)
FN:12,(anonymous_2)
FNF:3
FNH:3
FNDA:10,useWeather
FNDA:5,(anonymous_1)
FNDA:1,(anonymous_2)
DA:7,10
DA:9,10
DA:10,5
DA:12,1
DA:13,1
DA:14,1
DA:15,1
DA:16,1
DA:17,1
DA:19,0
DA:20,0
DA:23,0
DA:24,0
DA:27,1
DA:30,10
LF:15
LH:11
BRDA:10,0,0,4
BRDA:10,0,1,1
BRDA:10,1,0,5
BRDA:10,1,1,1
BRDA:15,2,0,1
BRDA:15,2,1,0
BRF:6
BRH:5
end_of_record
TN:
SF:navigation\TabNavigator.js
FN:12,TabNavigator
FN:20,(anonymous_1)
FN:24,(anonymous_2)
FN:30,(anonymous_3)
FN:38,(anonymous_4)
FN:50,(anonymous_5)
FN:69,(anonymous_6)
FN:89,(anonymous_7)
FNF:8
FNH:0
FNDA:0,TabNavigator
FNDA:0,(anonymous_1)
FNDA:0,(anonymous_2)
FNDA:0,(anonymous_3)
FNDA:0,(anonymous_4)
FNDA:0,(anonymous_5)
FNDA:0,(anonymous_6)
FNDA:0,(anonymous_7)
DA:10,0
DA:13,0
DA:15,0
DA:21,0
DA:25,0
DA:31,0
DA:32,0
DA:33,0
DA:36,0
DA:39,0
DA:40,0
DA:51,0
DA:70,0
DA:90,0
LF:14
LH:0
BRDA:32,0,0,0
BRDA:32,0,1,0
BRDA:53,1,0,0
BRDA:53,1,1,0
BRDA:56,2,0,0
BRDA:56,2,1,0
BRDA:72,3,0,0
BRDA:72,3,1,0
BRDA:75,4,0,0
BRDA:75,4,1,0
BRDA:92,5,0,0
BRDA:92,5,1,0
BRDA:95,6,0,0
BRDA:95,6,1,0
BRF:14
BRH:0
end_of_record
TN:
SF:screens\FavoritesScreen.js
FN:6,FavoritesScreen
FNF:1
FNH:1
FNDA:1,FavoritesScreen
DA:7,1
DA:17,1
LF:2
LH:2
BRF:0
BRH:0
end_of_record
TN:
SF:screens\IndexScreen.js
FN:6,IndexScreen
FNF:1
FNH:1
FNDA:2,IndexScreen
DA:7,2
DA:17,1
LF:2
LH:2
BRF:0
BRH:0
end_of_record
TN:
SF:screens\MapScreen.js
FN:5,Map
FNF:1
FNH:0
FNDA:0,Map
DA:6,0
DA:13,1
LF:2
LH:1
BRF:0
BRH:0
end_of_record
