TN:
SF:App.js
FN:5,App
FNF:1
FNH:0
FNDA:0,App
DA:6,0
DA:15,0
LF:2
LH:0
BRF:0
BRH:0
end_of_record
TN:
SF:api.js
FN:5,getCurrentWeatherInLocation
FN:7,(anonymous_1)
FN:15,getCityCoords
FN:17,(anonymous_3)
FN:27,getForecastForFiveDays
FN:29,(anonymous_5)
FN:38,getLongTermForecast
FN:40,(anonymous_7)
FN:49,getLayerTiles
FNF:9
FNH:0
FNDA:0,getCurrentWeatherInLocation
FNDA:0,(anonymous_1)
FNDA:0,getCityCoords
FNDA:0,(anonymous_3)
FNDA:0,getForecastForFiveDays
FNDA:0,(anonymous_5)
FNDA:0,getLongTermForecast
FNDA:0,(anonymous_7)
FNDA:0,getLayerTiles
DA:6,0
DA:8,0
DA:9,0
DA:11,0
DA:16,0
DA:18,0
DA:19,0
DA:20,0
DA:22,0
DA:28,0
DA:30,0
DA:31,0
DA:33,0
DA:39,0
DA:41,0
DA:42,0
DA:44,0
DA:50,0
LF:18
LH:0
BRDA:8,0,0,0
BRDA:8,0,1,0
BRDA:18,1,0,0
BRDA:18,1,1,0
BRDA:30,2,0,0
BRDA:30,2,1,0
BRDA:41,3,0,0
BRDA:41,3,1,0
BRF:8
BRH:0
end_of_record
TN:
SF:index.js
FNF:0
FNH:0
DA:8,0
LF:1
LH:0
BRF:0
BRH:0
end_of_record
TN:
SF:components\date\DateService.js
FN:2,getCurrentDate
FN:13,setImageByTime
FN:31,setThemeByTime
FNF:3
FNH:3
FNDA:2,getCurrentDate
FNDA:2,setImageByTime
FNDA:2,setThemeByTime
DA:3,2
DA:5,2
DA:6,2
DA:8,0
DA:14,2
DA:15,2
DA:17,2
DA:18,2
DA:19,2
DA:20,0
DA:21,0
DA:23,0
DA:26,0
DA:32,2
DA:33,2
DA:35,2
DA:36,2
DA:37,2
DA:38,0
DA:39,0
DA:41,0
DA:44,0
LF:22
LH:13
BRDA:18,0,0,2
BRDA:18,0,1,0
BRDA:18,1,0,2
BRDA:18,1,1,0
BRDA:20,2,0,0
BRDA:20,2,1,0
BRDA:20,3,0,0
BRDA:20,3,1,0
BRDA:36,4,0,2
BRDA:36,4,1,0
BRDA:36,5,0,2
BRDA:36,5,1,0
BRDA:38,6,0,0
BRDA:38,6,1,0
BRDA:38,7,0,0
BRDA:38,7,1,0
BRF:16
BRH:4
end_of_record
TN:
SF:components\map\MapDefaultView.js
FN:8,MapDefaultView
FN:28,(anonymous_1)
FN:46,(anonymous_2)
FN:62,(anonymous_3)
FN:67,(anonymous_4)
FN:68,(anonymous_5)
FN:128,(anonymous_6)
FN:129,(anonymous_7)
FN:130,(anonymous_8)
FN:131,(anonymous_9)
FN:133,(anonymous_10)
FNF:11
FNH:0
FNDA:0,MapDefaultView
FNDA:0,(anonymous_1)
FNDA:0,(anonymous_2)
FNDA:0,(anonymous_3)
FNDA:0,(anonymous_4)
FNDA:0,(anonymous_5)
FNDA:0,(anonymous_6)
FNDA:0,(anonymous_7)
FNDA:0,(anonymous_8)
FNDA:0,(anonymous_9)
FNDA:0,(anonymous_10)
DA:9,0
DA:16,0
DA:18,0
DA:19,0
DA:20,0
DA:21,0
DA:22,0
DA:23,0
DA:24,0
DA:26,0
DA:28,0
DA:29,0
DA:30,0
DA:31,0
DA:32,0
DA:39,0
DA:41,0
DA:46,0
DA:47,0
DA:48,0
DA:49,0
DA:56,0
DA:58,0
DA:62,0
DA:63,0
DA:64,0
DA:67,0
DA:68,0
DA:70,0
DA:73,0
DA:77,0
DA:128,0
DA:129,0
DA:130,0
DA:131,0
DA:133,0
DA:140,0
LF:37
LH:0
BRDA:29,0,0,0
BRDA:29,0,1,0
BRDA:63,1,0,0
BRDA:63,1,1,0
BRDA:70,2,0,0
BRDA:70,2,1,0
BRDA:73,3,0,0
BRDA:73,3,1,0
BRDA:88,4,0,0
BRDA:88,4,1,0
BRDA:95,5,0,0
BRDA:95,5,1,0
BRDA:102,6,0,0
BRDA:102,6,1,0
BRDA:109,7,0,0
BRDA:109,7,1,0
BRDA:122,8,0,0
BRDA:122,8,1,0
BRDA:128,9,0,0
BRDA:128,9,1,0
BRDA:129,10,0,0
BRDA:129,10,1,0
BRDA:130,11,0,0
BRDA:130,11,1,0
BRDA:131,12,0,0
BRDA:131,12,1,0
BRF:26
BRH:0
end_of_record
TN:
SF:components\weather\WeatherIndex.js
FN:13,WeatherIndex
FN:29,(anonymous_1)
FN:58,(anonymous_2)
FNF:3
FNH:1
FNDA:3,WeatherIndex
FNDA:0,(anonymous_1)
FNDA:0,(anonymous_2)
DA:15,3
DA:16,2
DA:18,2
DA:19,2
DA:20,2
DA:22,2
DA:24,2
DA:26,2
DA:29,2
DA:30,0
DA:31,0
DA:32,0
DA:35,2
DA:59,0
DA:108,1
LF:15
LH:11
BRDA:22,0,0,2
BRDA:22,0,1,0
BRDA:45,1,0,0
BRDA:45,1,1,2
BRDA:65,2,0,2
BRDA:65,2,1,0
BRDA:69,3,0,0
BRDA:69,3,1,0
BRF:8
BRH:3
end_of_record
TN:
SF:components\weather\forecast\DataEdit.js
FN:2,(anonymous_0)
FN:4,(anonymous_1)
FNF:2
FNH:0
FNDA:0,(anonymous_0)
FNDA:0,(anonymous_1)
DA:2,1
DA:4,0
LF:2
LH:1
BRF:0
BRH:0
end_of_record
TN:
SF:components\weather\forecast\Forecast.js
FN:9,Forecast
FNF:1
FNH:1
FNDA:2,Forecast
DA:11,2
DA:13,2
DA:36,1
LF:3
LH:3
BRDA:31,0,0,0
BRDA:31,0,1,2
BRF:2
BRH:1
end_of_record
TN:
SF:components\weather\forecast\ForecastFlatList16days.js
FN:4,ForecastFlatList
FN:11,(anonymous_1)
FNF:2
FNH:0
FNDA:0,ForecastFlatList
FNDA:0,(anonymous_1)
DA:6,0
DA:12,0
DA:34,1
LF:3
LH:1
BRF:0
BRH:0
end_of_record
TN:
SF:components\weather\forecast\ForecastFlatList5days.js
FN:6,ForecastFlatList5
FN:11,(anonymous_1)
FN:13,(anonymous_2)
FN:18,(anonymous_3)
FN:26,(anonymous_4)
FN:36,(anonymous_5)
FN:38,(anonymous_6)
FN:65,(anonymous_7)
FNF:8
FNH:0
FNDA:0,ForecastFlatList5
FNDA:0,(anonymous_1)
FNDA:0,(anonymous_2)
FNDA:0,(anonymous_3)
FNDA:0,(anonymous_4)
FNDA:0,(anonymous_5)
FNDA:0,(anonymous_6)
FNDA:0,(anonymous_7)
DA:7,0
DA:8,0
DA:9,0
DA:11,0
DA:12,0
DA:13,0
DA:14,0
DA:18,0
DA:19,0
DA:20,0
DA:22,0
DA:26,0
DA:27,0
DA:28,0
DA:31,0
DA:37,0
DA:38,0
DA:66,0
DA:85,1
LF:19
LH:1
BRDA:12,0,0,0
BRDA:12,0,1,0
BRDA:19,1,0,0
BRDA:19,1,1,0
BRDA:55,2,0,0
BRDA:55,2,1,0
BRDA:61,3,0,0
BRDA:61,3,1,0
BRF:8
BRH:0
end_of_record
TN:
SF:components\weather\forecast\ForecastFor16Days.js
FN:8,ForecastFor16Days
FN:11,(anonymous_1)
FN:17,(anonymous_2)
FN:19,(anonymous_3)
FN:23,(anonymous_4)
FNF:5
FNH:0
FNDA:0,ForecastFor16Days
FNDA:0,(anonymous_1)
FNDA:0,(anonymous_2)
FNDA:0,(anonymous_3)
FNDA:0,(anonymous_4)
DA:9,0
DA:11,0
DA:12,0
DA:13,0
DA:17,0
DA:18,0
DA:20,0
DA:21,0
DA:23,0
DA:26,0
DA:37,1
LF:11
LH:1
BRDA:12,0,0,0
BRDA:12,0,1,0
BRDA:12,1,0,0
BRDA:12,1,1,0
BRDA:28,2,0,0
BRDA:28,2,1,0
BRF:6
BRH:0
end_of_record
TN:
SF:components\weather\forecast\ForecastFor5Days.js
FN:8,ForecastForFiveDays
FN:13,(anonymous_1)
FN:19,(anonymous_2)
FN:21,(anonymous_3)
FN:22,(anonymous_4)
FN:40,(anonymous_5)
FN:41,(anonymous_6)
FN:48,(anonymous_7)
FN:50,(anonymous_8)
FNF:9
FNH:2
FNDA:2,ForecastForFiveDays
FNDA:1,(anonymous_1)
FNDA:0,(anonymous_2)
FNDA:0,(anonymous_3)
FNDA:0,(anonymous_4)
FNDA:0,(anonymous_5)
FNDA:0,(anonymous_6)
FNDA:0,(anonymous_7)
FNDA:0,(anonymous_8)
DA:10,2
DA:11,2
DA:13,2
DA:14,1
DA:15,0
DA:19,2
DA:20,0
DA:22,0
DA:24,0
DA:25,0
DA:27,0
DA:36,0
DA:39,0
DA:40,0
DA:41,0
DA:45,0
DA:47,0
DA:48,0
DA:50,0
DA:53,2
DA:64,1
LF:21
LH:7
BRDA:14,0,0,0
BRDA:14,0,1,1
BRDA:14,1,0,1
BRDA:14,1,1,0
BRDA:55,2,0,0
BRDA:55,2,1,2
BRDA:55,3,0,2
BRDA:55,3,1,0
BRF:8
BRH:4
end_of_record
TN:
SF:hooks\useCityName.js
FN:5,useCityName
FN:8,(anonymous_1)
FN:12,(anonymous_2)
FNF:3
FNH:3
FNDA:4,useCityName
FNDA:2,(anonymous_1)
FNDA:1,(anonymous_2)
DA:6,4
DA:8,4
DA:9,2
DA:10,1
DA:12,1
DA:13,1
DA:14,1
DA:19,1
DA:20,1
DA:23,0
DA:24,0
DA:27,1
DA:30,4
LF:13
LH:11
BRDA:9,0,0,1
BRDA:9,0,1,1
BRDA:9,1,0,2
BRDA:9,1,1,1
BRDA:19,2,0,1
BRDA:19,2,1,0
BRDA:20,3,0,1
BRDA:20,3,1,0
BRF:8
BRH:6
end_of_record
TN:
SF:hooks\useCitySearch.js
FN:7,useCitySearch
FN:11,(anonymous_1)
FNF:2
FNH:2
FNDA:4,useCitySearch
FNDA:1,(anonymous_1)
DA:9,4
DA:11,4
DA:13,1
DA:14,0
DA:15,0
DA:17,1
DA:19,1
DA:20,1
DA:21,1
DA:22,1
DA:27,0
DA:28,0
DA:31,0
DA:32,0
DA:36,4
LF:15
LH:9
BRDA:13,0,0,0
BRDA:13,0,1,1
BRDA:21,1,0,1
BRDA:21,1,1,0
BRF:4
BRH:2
end_of_record
TN:
SF:hooks\useForecast.js
FNF:0
FNH:0
LF:0
LH:0
BRF:0
BRH:0
end_of_record
TN:
SF:hooks\useUserLocation.js
FN:7,useUserLocation
FN:12,(anonymous_1)
FN:13,(anonymous_2)
FNF:3
FNH:3
FNDA:5,useUserLocation
FNDA:2,(anonymous_1)
FNDA:2,(anonymous_2)
DA:9,5
DA:10,4
DA:12,4
DA:13,2
DA:14,2
DA:15,2
DA:16,1
DA:17,0
DA:18,0
DA:20,1
DA:21,1
DA:26,1
DA:27,1
DA:29,2
DA:32,2
DA:35,4
LF:16
LH:14
BRDA:16,0,0,0
BRDA:16,0,1,1
BRF:2
BRH:1
end_of_record
TN:
SF:hooks\useWeather.js
FN:6,useWeather
FN:10,(anonymous_1)
FN:14,(anonymous_2)
FNF:3
FNH:3
FNDA:4,useWeather
FNDA:2,(anonymous_1)
FNDA:1,(anonymous_2)
DA:8,4
DA:10,4
DA:11,2
DA:12,1
DA:14,1
DA:15,1
DA:16,1
DA:17,1
DA:18,1
DA:19,1
DA:21,0
DA:22,0
DA:25,0
DA:26,0
DA:29,1
DA:32,4
LF:16
LH:12
BRDA:11,0,0,1
BRDA:11,0,1,1
BRDA:11,1,0,2
BRDA:11,1,1,1
BRDA:17,2,0,1
BRDA:17,2,1,0
BRF:6
BRH:5
end_of_record
TN:
SF:navigation\TabNavigator.js
FN:12,TabNavigator
FN:20,(anonymous_1)
FN:24,(anonymous_2)
FN:30,(anonymous_3)
FN:38,(anonymous_4)
FN:50,(anonymous_5)
FN:60,(anonymous_6)
FN:70,(anonymous_7)
FNF:8
FNH:0
FNDA:0,TabNavigator
FNDA:0,(anonymous_1)
FNDA:0,(anonymous_2)
FNDA:0,(anonymous_3)
FNDA:0,(anonymous_4)
FNDA:0,(anonymous_5)
FNDA:0,(anonymous_6)
FNDA:0,(anonymous_7)
DA:10,0
DA:13,0
DA:15,0
DA:21,0
DA:25,0
DA:31,0
DA:32,0
DA:33,0
DA:36,0
DA:39,0
DA:40,0
DA:51,0
DA:61,0
DA:71,0
LF:14
LH:0
BRDA:32,0,0,0
BRDA:32,0,1,0
BRDA:51,1,0,0
BRDA:51,1,1,0
BRDA:51,2,0,0
BRDA:51,2,1,0
BRDA:61,3,0,0
BRDA:61,3,1,0
BRDA:61,4,0,0
BRDA:61,4,1,0
BRDA:71,5,0,0
BRDA:71,5,1,0
BRDA:71,6,0,0
BRDA:71,6,1,0
BRF:14
BRH:0
end_of_record
TN:
SF:screens\FavoritesScreen.js
FN:5,FavoritesScreen
FNF:1
FNH:0
FNDA:0,FavoritesScreen
DA:6,0
LF:1
LH:0
BRF:0
BRH:0
end_of_record
TN:
SF:screens\IndexScreen.js
FN:6,IndexScreen
FNF:1
FNH:0
FNDA:0,IndexScreen
DA:7,0
DA:17,0
LF:2
LH:0
BRF:0
BRH:0
end_of_record
TN:
SF:screens\MapScreen.js
FN:5,Map
FNF:1
FNH:0
FNDA:0,Map
DA:6,0
DA:13,0
LF:2
LH:0
BRF:0
BRH:0
end_of_record
